This is pdfTeX, Version 3.14159265-2.6-1.40.16 (TeX Live 2015) (preloaded format=pdflatex 2015.12.10)  11 DEC 2015 16:04
entering extended mode
 restricted \write18 enabled.
 file:line:error style messages enabled.
 %&-line parsing enabled.
**main.tex
(./main.tex
LaTeX2e <2015/01/01>
Babel <3.9l> and hyphenation patterns for 79 languages loaded.
(../sapproc.cls

LaTeX Warning: You have requested document class `../sapproc',
               but the document class provides `sapproc'.

Document Class: sapproc 2012/12/09 Sapienza University Press conference proceed
ings class
(/usr/local/texlive/2015/texmf-dist/tex/latex/base/book.cls
Document Class: book 2014/09/29 v1.4h Standard LaTeX document class
(/usr/local/texlive/2015/texmf-dist/tex/latex/base/bk10.clo
File: bk10.clo 2014/09/29 v1.4h Standard LaTeX file (size option)
)
\c@part=\count79
\c@chapter=\count80
\c@section=\count81
\c@subsection=\count82
\c@subsubsection=\count83
\c@paragraph=\count84
\c@subparagraph=\count85
\c@figure=\count86
\c@table=\count87
\abovecaptionskip=\skip41
\belowcaptionskip=\skip42
\bibindent=\dimen102
)
(/usr/local/texlive/2015/texmf-dist/tex/generic/ifxetex/ifxetex.sty
Package: ifxetex 2010/09/12 v0.6 Provides ifxetex conditional
)
(/usr/local/texlive/2015/texmf-dist/tex/latex/amsmath/amsmath.sty
Package: amsmath 2013/01/14 v2.14 AMS math features
\@mathmargin=\skip43

For additional information on amsmath, use the `?' option.
(/usr/local/texlive/2015/texmf-dist/tex/latex/amsmath/amstext.sty
Package: amstext 2000/06/29 v2.01

(/usr/local/texlive/2015/texmf-dist/tex/latex/amsmath/amsgen.sty
File: amsgen.sty 1999/11/30 v2.0
\@emptytoks=\toks14
\ex@=\dimen103
))
(/usr/local/texlive/2015/texmf-dist/tex/latex/amsmath/amsbsy.sty
Package: amsbsy 1999/11/29 v1.2d
\pmbraise@=\dimen104
)
(/usr/local/texlive/2015/texmf-dist/tex/latex/amsmath/amsopn.sty
Package: amsopn 1999/12/14 v2.01 operator names
)
\inf@bad=\count88
LaTeX Info: Redefining \frac on input line 210.
\uproot@=\count89
\leftroot@=\count90
LaTeX Info: Redefining \overline on input line 306.
\classnum@=\count91
\DOTSCASE@=\count92
LaTeX Info: Redefining \ldots on input line 378.
LaTeX Info: Redefining \dots on input line 381.
LaTeX Info: Redefining \cdots on input line 466.
\Mathstrutbox@=\box26
\strutbox@=\box27
\big@size=\dimen105
LaTeX Font Info:    Redeclaring font encoding OML on input line 566.
LaTeX Font Info:    Redeclaring font encoding OMS on input line 567.
\macc@depth=\count93
\c@MaxMatrixCols=\count94
\dotsspace@=\muskip10
\c@parentequation=\count95
\dspbrk@lvl=\count96
\tag@help=\toks15
\row@=\count97
\column@=\count98
\maxfields@=\count99
\andhelp@=\toks16
\eqnshift@=\dimen106
\alignsep@=\dimen107
\tagshift@=\dimen108
\tagwidth@=\dimen109
\totwidth@=\dimen110
\lineht@=\dimen111
\@envbody=\toks17
\multlinegap=\skip44
\multlinetaggap=\skip45
\mathdisplay@stack=\toks18
LaTeX Info: Redefining \[ on input line 2665.
LaTeX Info: Redefining \] on input line 2666.
)
(/usr/local/texlive/2015/texmf-dist/tex/latex/base/fontenc.sty
Package: fontenc 2005/09/27 v1.99g Standard LaTeX package

(/usr/local/texlive/2015/texmf-dist/tex/latex/base/t1enc.def
File: t1enc.def 2005/09/27 v1.99g Standard LaTeX file
LaTeX Font Info:    Redeclaring font encoding T1 on input line 48.
))
(/usr/local/texlive/2015/texmf-dist/tex/latex/lm/lmodern.sty
Package: lmodern 2009/10/30 v1.6 Latin Modern Fonts
LaTeX Font Info:    Overwriting symbol font `operators' in version `normal'
(Font)                  OT1/cmr/m/n --> OT1/lmr/m/n on input line 22.
LaTeX Font Info:    Overwriting symbol font `letters' in version `normal'
(Font)                  OML/cmm/m/it --> OML/lmm/m/it on input line 23.
LaTeX Font Info:    Overwriting symbol font `symbols' in version `normal'
(Font)                  OMS/cmsy/m/n --> OMS/lmsy/m/n on input line 24.
LaTeX Font Info:    Overwriting symbol font `largesymbols' in version `normal'
(Font)                  OMX/cmex/m/n --> OMX/lmex/m/n on input line 25.
LaTeX Font Info:    Overwriting symbol font `operators' in version `bold'
(Font)                  OT1/cmr/bx/n --> OT1/lmr/bx/n on input line 26.
LaTeX Font Info:    Overwriting symbol font `letters' in version `bold'
(Font)                  OML/cmm/b/it --> OML/lmm/b/it on input line 27.
LaTeX Font Info:    Overwriting symbol font `symbols' in version `bold'
(Font)                  OMS/cmsy/b/n --> OMS/lmsy/b/n on input line 28.
LaTeX Font Info:    Overwriting symbol font `largesymbols' in version `bold'
(Font)                  OMX/cmex/m/n --> OMX/lmex/m/n on input line 29.
LaTeX Font Info:    Overwriting math alphabet `\mathbf' in version `normal'
(Font)                  OT1/cmr/bx/n --> OT1/lmr/bx/n on input line 31.
LaTeX Font Info:    Overwriting math alphabet `\mathsf' in version `normal'
(Font)                  OT1/cmss/m/n --> OT1/lmss/m/n on input line 32.
LaTeX Font Info:    Overwriting math alphabet `\mathit' in version `normal'
(Font)                  OT1/cmr/m/it --> OT1/lmr/m/it on input line 33.
LaTeX Font Info:    Overwriting math alphabet `\mathtt' in version `normal'
(Font)                  OT1/cmtt/m/n --> OT1/lmtt/m/n on input line 34.
LaTeX Font Info:    Overwriting math alphabet `\mathbf' in version `bold'
(Font)                  OT1/cmr/bx/n --> OT1/lmr/bx/n on input line 35.
LaTeX Font Info:    Overwriting math alphabet `\mathsf' in version `bold'
(Font)                  OT1/cmss/bx/n --> OT1/lmss/bx/n on input line 36.
LaTeX Font Info:    Overwriting math alphabet `\mathit' in version `bold'
(Font)                  OT1/cmr/bx/it --> OT1/lmr/bx/it on input line 37.
LaTeX Font Info:    Overwriting math alphabet `\mathtt' in version `bold'
(Font)                  OT1/cmtt/m/n --> OT1/lmtt/m/n on input line 38.
)
(/usr/local/texlive/2015/texmf-dist/tex/latex/base/textcomp.sty
Package: textcomp 2005/09/27 v1.99g Standard LaTeX package
Package textcomp Info: Sub-encoding information:
(textcomp)               5 = only ISO-Adobe without \textcurrency
(textcomp)               4 = 5 + \texteuro
(textcomp)               3 = 4 + \textohm
(textcomp)               2 = 3 + \textestimated + \textcurrency
(textcomp)               1 = TS1 - \textcircled - \t
(textcomp)               0 = TS1 (full)
(textcomp)             Font families with sub-encoding setting implement
(textcomp)             only a restricted character set as indicated.
(textcomp)             Family '?' is the default used for unknown fonts.
(textcomp)             See the documentation for details.
Package textcomp Info: Setting ? sub-encoding to TS1/1 on input line 79.

(/usr/local/texlive/2015/texmf-dist/tex/latex/base/ts1enc.def
File: ts1enc.def 2001/06/05 v3.0e (jk/car/fm) Standard LaTeX file
)
LaTeX Info: Redefining \oldstylenums on input line 334.
Package textcomp Info: Setting cmr sub-encoding to TS1/0 on input line 349.
Package textcomp Info: Setting cmss sub-encoding to TS1/0 on input line 350.
Package textcomp Info: Setting cmtt sub-encoding to TS1/0 on input line 351.
Package textcomp Info: Setting cmvtt sub-encoding to TS1/0 on input line 352.
Package textcomp Info: Setting cmbr sub-encoding to TS1/0 on input line 353.
Package textcomp Info: Setting cmtl sub-encoding to TS1/0 on input line 354.
Package textcomp Info: Setting ccr sub-encoding to TS1/0 on input line 355.
Package textcomp Info: Setting ptm sub-encoding to TS1/4 on input line 356.
Package textcomp Info: Setting pcr sub-encoding to TS1/4 on input line 357.
Package textcomp Info: Setting phv sub-encoding to TS1/4 on input line 358.
Package textcomp Info: Setting ppl sub-encoding to TS1/3 on input line 359.
Package textcomp Info: Setting pag sub-encoding to TS1/4 on input line 360.
Package textcomp Info: Setting pbk sub-encoding to TS1/4 on input line 361.
Package textcomp Info: Setting pnc sub-encoding to TS1/4 on input line 362.
Package textcomp Info: Setting pzc sub-encoding to TS1/4 on input line 363.
Package textcomp Info: Setting bch sub-encoding to TS1/4 on input line 364.
Package textcomp Info: Setting put sub-encoding to TS1/5 on input line 365.
Package textcomp Info: Setting uag sub-encoding to TS1/5 on input line 366.
Package textcomp Info: Setting ugq sub-encoding to TS1/5 on input line 367.
Package textcomp Info: Setting ul8 sub-encoding to TS1/4 on input line 368.
Package textcomp Info: Setting ul9 sub-encoding to TS1/4 on input line 369.
Package textcomp Info: Setting augie sub-encoding to TS1/5 on input line 370.
Package textcomp Info: Setting dayrom sub-encoding to TS1/3 on input line 371.
Package textcomp Info: Setting dayroms sub-encoding to TS1/3 on input line 372.

Package textcomp Info: Setting pxr sub-encoding to TS1/0 on input line 373.
Package textcomp Info: Setting pxss sub-encoding to TS1/0 on input line 374.
Package textcomp Info: Setting pxtt sub-encoding to TS1/0 on input line 375.
Package textcomp Info: Setting txr sub-encoding to TS1/0 on input line 376.
Package textcomp Info: Setting txss sub-encoding to TS1/0 on input line 377.
Package textcomp Info: Setting txtt sub-encoding to TS1/0 on input line 378.
Package textcomp Info: Setting lmr sub-encoding to TS1/0 on input line 379.
Package textcomp Info: Setting lmdh sub-encoding to TS1/0 on input line 380.
Package textcomp Info: Setting lmss sub-encoding to TS1/0 on input line 381.
Package textcomp Info: Setting lmssq sub-encoding to TS1/0 on input line 382.
Package textcomp Info: Setting lmvtt sub-encoding to TS1/0 on input line 383.
Package textcomp Info: Setting lmtt sub-encoding to TS1/0 on input line 384.
Package textcomp Info: Setting qhv sub-encoding to TS1/0 on input line 385.
Package textcomp Info: Setting qag sub-encoding to TS1/0 on input line 386.
Package textcomp Info: Setting qbk sub-encoding to TS1/0 on input line 387.
Package textcomp Info: Setting qcr sub-encoding to TS1/0 on input line 388.
Package textcomp Info: Setting qcs sub-encoding to TS1/0 on input line 389.
Package textcomp Info: Setting qpl sub-encoding to TS1/0 on input line 390.
Package textcomp Info: Setting qtm sub-encoding to TS1/0 on input line 391.
Package textcomp Info: Setting qzc sub-encoding to TS1/0 on input line 392.
Package textcomp Info: Setting qhvc sub-encoding to TS1/0 on input line 393.
Package textcomp Info: Setting futs sub-encoding to TS1/4 on input line 394.
Package textcomp Info: Setting futx sub-encoding to TS1/4 on input line 395.
Package textcomp Info: Setting futj sub-encoding to TS1/4 on input line 396.
Package textcomp Info: Setting hlh sub-encoding to TS1/3 on input line 397.
Package textcomp Info: Setting hls sub-encoding to TS1/3 on input line 398.
Package textcomp Info: Setting hlst sub-encoding to TS1/3 on input line 399.
Package textcomp Info: Setting hlct sub-encoding to TS1/5 on input line 400.
Package textcomp Info: Setting hlx sub-encoding to TS1/5 on input line 401.
Package textcomp Info: Setting hlce sub-encoding to TS1/5 on input line 402.
Package textcomp Info: Setting hlcn sub-encoding to TS1/5 on input line 403.
Package textcomp Info: Setting hlcw sub-encoding to TS1/5 on input line 404.
Package textcomp Info: Setting hlcf sub-encoding to TS1/5 on input line 405.
Package textcomp Info: Setting pplx sub-encoding to TS1/3 on input line 406.
Package textcomp Info: Setting pplj sub-encoding to TS1/3 on input line 407.
Package textcomp Info: Setting ptmx sub-encoding to TS1/4 on input line 408.
Package textcomp Info: Setting ptmj sub-encoding to TS1/4 on input line 409.
)
(/usr/local/texlive/2015/texmf-dist/tex/latex/psnfss/mathpazo.sty
Package: mathpazo 2005/04/12 PSNFSS-v9.2a Palatino w/ Pazo Math (D.Puga, WaS) 
\symupright=\mathgroup4
)
(/usr/local/texlive/2015/texmf-dist/tex/latex/tex-gyre/tgpagella.sty
Package: tgpagella 2009/09/27 v1.2 TeX Gyre Pagella as default roman family

(/usr/local/texlive/2015/texmf-dist/tex/latex/oberdiek/kvoptions.sty
Package: kvoptions 2011/06/30 v3.11 Key value format for package options (HO)

(/usr/local/texlive/2015/texmf-dist/tex/latex/graphics/keyval.sty
Package: keyval 2014/10/28 v1.15 key=value parser (DPC)
\KV@toks@=\toks19
)
(/usr/local/texlive/2015/texmf-dist/tex/generic/oberdiek/ltxcmds.sty
Package: ltxcmds 2011/11/09 v1.22 LaTeX kernel commands for general use (HO)
)
(/usr/local/texlive/2015/texmf-dist/tex/generic/oberdiek/kvsetkeys.sty
Package: kvsetkeys 2012/04/25 v1.16 Key value parser (HO)

(/usr/local/texlive/2015/texmf-dist/tex/generic/oberdiek/infwarerr.sty
Package: infwarerr 2010/04/08 v1.3 Providing info/warning/error messages (HO)
)
(/usr/local/texlive/2015/texmf-dist/tex/generic/oberdiek/etexcmds.sty
Package: etexcmds 2011/02/16 v1.5 Avoid name clashes with e-TeX commands (HO)

(/usr/local/texlive/2015/texmf-dist/tex/generic/oberdiek/ifluatex.sty
Package: ifluatex 2010/03/01 v1.3 Provides the ifluatex switch (HO)
Package ifluatex Info: LuaTeX not detected.
)
Package etexcmds Info: Could not find \expanded.
(etexcmds)             That can mean that you are not using pdfTeX 1.50 or
(etexcmds)             that some package has redefined \expanded.
(etexcmds)             In the latter case, load this package earlier.
))))
(/usr/local/texlive/2015/texmf-dist/tex/latex/microtype/microtype.sty
Package: microtype 2013/05/23 v2.5a Micro-typographical refinements (RS)
\MT@toks=\toks20
\MT@count=\count100
LaTeX Info: Redefining \textls on input line 766.
\MT@outer@kern=\dimen112
LaTeX Info: Redefining \textmicrotypecontext on input line 1285.
\MT@listname@count=\count101

(/usr/local/texlive/2015/texmf-dist/tex/latex/microtype/microtype-pdftex.def
File: microtype-pdftex.def 2013/05/23 v2.5a Definitions specific to pdftex (RS)

LaTeX Info: Redefining \lsstyle on input line 915.
LaTeX Info: Redefining \lslig on input line 915.
\MT@outer@space=\skip46
)
Package microtype Info: Loading configuration file microtype.cfg.

(/usr/local/texlive/2015/texmf-dist/tex/latex/microtype/microtype.cfg
File: microtype.cfg 2013/05/23 v2.5a microtype main configuration file (RS)
))
(/usr/local/texlive/2015/texmf-dist/tex/latex/geometry/geometry.sty
Package: geometry 2010/09/12 v5.6 Page Geometry

(/usr/local/texlive/2015/texmf-dist/tex/generic/oberdiek/ifpdf.sty
Package: ifpdf 2011/01/30 v2.3 Provides the ifpdf switch (HO)
Package ifpdf Info: pdfTeX in PDF mode is detected.
)
(/usr/local/texlive/2015/texmf-dist/tex/generic/oberdiek/ifvtex.sty
Package: ifvtex 2010/03/01 v1.5 Detect VTeX and its facilities (HO)
Package ifvtex Info: VTeX not detected.
)
\Gm@cnth=\count102
\Gm@cntv=\count103
\c@Gm@tempcnt=\count104
\Gm@bindingoffset=\dimen113
\Gm@wd@mp=\dimen114
\Gm@odd@mp=\dimen115
\Gm@even@mp=\dimen116
\Gm@layoutwidth=\dimen117
\Gm@layoutheight=\dimen118
\Gm@layouthoffset=\dimen119
\Gm@layoutvoffset=\dimen120
\Gm@dimlist=\toks21
)
(/usr/local/texlive/2015/texmf-dist/tex/latex/caption/caption.sty
Package: caption 2013/05/02 v3.3-89 Customizing captions (AR)

(/usr/local/texlive/2015/texmf-dist/tex/latex/caption/caption3.sty
Package: caption3 2013/05/02 v1.6-88 caption3 kernel (AR)
Package caption3 Info: TeX engine: e-TeX on input line 57.
\captionmargin=\dimen121
\captionmargin@=\dimen122
\captionwidth=\dimen123
\caption@tempdima=\dimen124
\caption@indent=\dimen125
\caption@parindent=\dimen126
\caption@hangindent=\dimen127
)
\c@ContinuedFloat=\count105
)
(/usr/local/texlive/2015/texmf-dist/tex/latex/graphics/graphicx.sty
Package: graphicx 2014/10/28 v1.0g Enhanced LaTeX Graphics (DPC,SPQR)

(/usr/local/texlive/2015/texmf-dist/tex/latex/graphics/graphics.sty
Package: graphics 2014/10/28 v1.0p Standard LaTeX Graphics (DPC,SPQR)

(/usr/local/texlive/2015/texmf-dist/tex/latex/graphics/trig.sty
Package: trig 1999/03/16 v1.09 sin cos tan (DPC)
)
(/usr/local/texlive/2015/texmf-dist/tex/latex/latexconfig/graphics.cfg
File: graphics.cfg 2010/04/23 v1.9 graphics configuration of TeX Live
)
Package graphics Info: Driver file: pdftex.def on input line 94.

(/usr/local/texlive/2015/texmf-dist/tex/latex/pdftex-def/pdftex.def
File: pdftex.def 2011/05/27 v0.06d Graphics/color for pdfTeX
\Gread@gobject=\count106
))
\Gin@req@height=\dimen128
\Gin@req@width=\dimen129
)
(/usr/local/texlive/2015/texmf-dist/tex/latex/booktabs/booktabs.sty
Package: booktabs 2005/04/14 v1.61803 publication quality tables
\heavyrulewidth=\dimen130
\lightrulewidth=\dimen131
\cmidrulewidth=\dimen132
\belowrulesep=\dimen133
\belowbottomsep=\dimen134
\aboverulesep=\dimen135
\abovetopsep=\dimen136
\cmidrulesep=\dimen137
\cmidrulekern=\dimen138
\defaultaddspace=\dimen139
\@cmidla=\count107
\@cmidlb=\count108
\@aboverulesep=\dimen140
\@belowrulesep=\dimen141
\@thisruleclass=\count109
\@lastruleclass=\count110
\@thisrulewidth=\dimen142
)
(/usr/local/texlive/2015/texmf-dist/tex/latex/fancyhdr/fancyhdr.sty
\fancy@headwidth=\skip47
\f@ncyO@elh=\skip48
\f@ncyO@erh=\skip49
\f@ncyO@olh=\skip50
\f@ncyO@orh=\skip51
\f@ncyO@elf=\skip52
\f@ncyO@erf=\skip53
\f@ncyO@olf=\skip54
\f@ncyO@orf=\skip55
)
(/usr/local/texlive/2015/texmf-dist/tex/latex/titlesec/titlesec.sty
Package: titlesec 2011/12/15 v2.10.0 Sectioning titles
\ttl@box=\box28
\beforetitleunit=\skip56
\aftertitleunit=\skip57
\ttl@plus=\dimen143
\ttl@minus=\dimen144
\ttl@toksa=\toks22
\titlewidth=\dimen145
\titlewidthlast=\dimen146
\titlewidthfirst=\dimen147
)
(/usr/local/texlive/2015/texmf-dist/tex/latex/quoting/quoting.sty
Package: quoting 2014/01/28 v0.1c Consolidated environment for displayed text

(/usr/local/texlive/2015/texmf-dist/tex/latex/etoolbox/etoolbox.sty
Package: etoolbox 2015/05/04 v2.2 e-TeX tools for LaTeX (JAW)
\etb@tempcnta=\count111
)
\quo@toppartop=\skip58
)
(/usr/local/texlive/2015/texmf-dist/tex/latex/pdfpages/pdfpages.sty
Package: pdfpages 2015/05/11 v0.4x Insert pages of external PDF documents (AM)

(/usr/local/texlive/2015/texmf-dist/tex/latex/base/ifthen.sty
Package: ifthen 2014/09/29 v1.1c Standard LaTeX ifthen package (DPC)
)
(/usr/local/texlive/2015/texmf-dist/tex/latex/tools/calc.sty
Package: calc 2014/10/28 v4.3 Infix arithmetic (KKT,FJ)
\calc@Acount=\count112
\calc@Bcount=\count113
\calc@Adimen=\dimen148
\calc@Bdimen=\dimen149
\calc@Askip=\skip59
\calc@Bskip=\skip60
LaTeX Info: Redefining \setlength on input line 80.
LaTeX Info: Redefining \addtolength on input line 81.
\calc@Ccount=\count114
\calc@Cskip=\skip61
)
(/usr/local/texlive/2015/texmf-dist/tex/latex/eso-pic/eso-pic.sty
Package: eso-pic 2015/04/20 v2.0e eso-pic (RN)

(/usr/local/texlive/2015/texmf-dist/tex/generic/oberdiek/atbegshi.sty
Package: atbegshi 2011/10/05 v1.16 At begin shipout hook (HO)
)
(/usr/local/texlive/2015/texmf-dist/tex/latex/xcolor/xcolor.sty
Package: xcolor 2007/01/21 v2.11 LaTeX color extensions (UK)

(/usr/local/texlive/2015/texmf-dist/tex/latex/latexconfig/color.cfg
File: color.cfg 2007/01/18 v1.5 color configuration of teTeX/TeXLive
)
Package xcolor Info: Driver file: pdftex.def on input line 225.
Package xcolor Info: Model `cmy' substituted by `cmy0' on input line 1337.
Package xcolor Info: Model `hsb' substituted by `rgb' on input line 1341.
Package xcolor Info: Model `RGB' extended on input line 1353.
Package xcolor Info: Model `HTML' substituted by `rgb' on input line 1355.
Package xcolor Info: Model `Hsb' substituted by `hsb' on input line 1356.
Package xcolor Info: Model `tHsb' substituted by `hsb' on input line 1357.
Package xcolor Info: Model `HSB' substituted by `hsb' on input line 1358.
Package xcolor Info: Model `Gray' substituted by `gray' on input line 1359.
Package xcolor Info: Model `wave' substituted by `hsb' on input line 1360.
))
\AM@pagewidth=\dimen150
\AM@pageheight=\dimen151

(/usr/local/texlive/2015/texmf-dist/tex/latex/pdfpages/pppdftex.def
File: pppdftex.def 2015/05/11 v0.4x Pdfpages driver for pdfTeX (AM)
)
\AM@pagebox=\box29
\AM@toc@title=\toks23
\c@AM@survey=\count115
\AM@templatesizebox=\box30
)
(/usr/local/texlive/2015/texmf-dist/tex/latex/imakeidx/imakeidx.sty
Package: imakeidx 2013/07/11 v1.3a Package for typesetting indices in a synchro
nous mode

(/usr/local/texlive/2015/texmf-dist/tex/latex/xkeyval/xkeyval.sty
Package: xkeyval 2014/12/03 v2.7a package option processing (HA)

(/usr/local/texlive/2015/texmf-dist/tex/generic/xkeyval/xkeyval.tex
(/usr/local/texlive/2015/texmf-dist/tex/generic/xkeyval/xkvutils.tex
\XKV@toks=\toks24
\XKV@tempa@toks=\toks25
)
\XKV@depth=\count116
File: xkeyval.tex 2014/12/03 v2.7a key=value parser (HA)
))
(/usr/local/texlive/2015/texmf-dist/tex/latex/xpatch/xpatch.sty
(/usr/local/texlive/2015/texmf-dist/tex/latex/l3kernel/expl3.sty
Package: expl3 2015/03/01 v5547 L3 programming layer (loader) 

(/usr/local/texlive/2015/texmf-dist/tex/latex/l3kernel/expl3-code.tex
Package: expl3 2015/03/01 v5547 L3 programming layer (code) 
L3 Module: l3bootstrap 2015/02/28 v5542 L3 Bootstrap code
L3 Module: l3names 2015/02/24 v5535 L3 Namespace for primitives
L3 Module: l3basics 2015/01/27 v5500 L3 Basic definitions
L3 Module: l3expan 2014/11/27 v5472 L3 Argument expansion
L3 Module: l3tl 2015/01/27 v5500 L3 Token lists
L3 Module: l3str 2015/03/01 v5545 L3 Strings
L3 Module: l3seq 2014/08/23 v5354 L3 Sequences and stacks
L3 Module: l3int 2015/02/21 v5529 L3 Integers
\c_max_int=\count117
\l_tmpa_int=\count118
\l_tmpb_int=\count119
\g_tmpa_int=\count120
\g_tmpb_int=\count121
L3 Module: l3quark 2014/08/23 v5354 L3 Quarks
L3 Module: l3prg 2014/08/23 v5354 L3 Control structures
\g__prg_map_int=\count122
L3 Module: l3clist 2014/08/23 v5354 L3 Comma separated lists
L3 Module: l3token 2014/09/15 v5422 L3 Experimental token manipulation
L3 Module: l3prop 2014/08/23 v5354 L3 Property lists
L3 Module: l3msg 2015/02/26 v5537 L3 Messages
L3 Module: l3file 2014/08/24 v5369 L3 File and I/O operations
\l_iow_line_count_int=\count123
\l__iow_target_count_int=\count124
\l__iow_current_line_int=\count125
\l__iow_current_word_int=\count126
\l__iow_current_indentation_int=\count127
L3 Module: l3skip 2014/08/23 v5354 L3 Dimensions and skips
\c_zero_dim=\dimen152
\c_max_dim=\dimen153
\l_tmpa_dim=\dimen154
\l_tmpb_dim=\dimen155
\g_tmpa_dim=\dimen156
\g_tmpb_dim=\dimen157
\c_zero_skip=\skip62
\c_max_skip=\skip63
\l_tmpa_skip=\skip64
\l_tmpb_skip=\skip65
\g_tmpa_skip=\skip66
\g_tmpb_skip=\skip67
\c_zero_muskip=\muskip11
\c_max_muskip=\muskip12
\l_tmpa_muskip=\muskip13
\l_tmpb_muskip=\muskip14
\g_tmpa_muskip=\muskip15
\g_tmpb_muskip=\muskip16
L3 Module: l3keys 2015/01/27 v5500 L3 Key-value interfaces
\g__keyval_level_int=\count128
\l_keys_choice_int=\count129
L3 Module: l3fp 2014/08/22 v5336 L3 Floating points
\c__fp_leading_shift_int=\count130
\c__fp_middle_shift_int=\count131
\c__fp_trailing_shift_int=\count132
\c__fp_big_leading_shift_int=\count133
\c__fp_big_middle_shift_int=\count134
\c__fp_big_trailing_shift_int=\count135
\c__fp_Bigg_leading_shift_int=\count136
\c__fp_Bigg_middle_shift_int=\count137
\c__fp_Bigg_trailing_shift_int=\count138
L3 Module: l3box 2014/08/23 v5354 L3 Experimental boxes
\c_empty_box=\box31
\l_tmpa_box=\box32
\l_tmpb_box=\box33
\g_tmpa_box=\box34
\g_tmpb_box=\box35
L3 Module: l3coffins 2014/08/23 v5354 L3 Coffin code layer
\l__coffin_internal_box=\box36
\l__coffin_internal_dim=\dimen158
\l__coffin_offset_x_dim=\dimen159
\l__coffin_offset_y_dim=\dimen160
\l__coffin_x_dim=\dimen161
\l__coffin_y_dim=\dimen162
\l__coffin_x_prime_dim=\dimen163
\l__coffin_y_prime_dim=\dimen164
\c_empty_coffin=\box37
\l__coffin_aligned_coffin=\box38
\l__coffin_aligned_internal_coffin=\box39
\l_tmpa_coffin=\box40
\l_tmpb_coffin=\box41
\l__coffin_display_coffin=\box42
\l__coffin_display_coord_coffin=\box43
\l__coffin_display_pole_coffin=\box44
\l__coffin_display_offset_dim=\dimen165
\l__coffin_display_x_dim=\dimen166
\l__coffin_display_y_dim=\dimen167
L3 Module: l3color 2014/08/23 v5354 L3 Experimental color support
L3 Module: l3candidates 2015/03/01 v5544 L3 Experimental additions to l3kernel
\l__box_top_dim=\dimen168
\l__box_bottom_dim=\dimen169
\l__box_left_dim=\dimen170
\l__box_right_dim=\dimen171
\l__box_top_new_dim=\dimen172
\l__box_bottom_new_dim=\dimen173
\l__box_left_new_dim=\dimen174
\l__box_right_new_dim=\dimen175
\l__box_internal_box=\box45
\l__coffin_bounding_shift_dim=\dimen176
\l__coffin_left_corner_dim=\dimen177
\l__coffin_right_corner_dim=\dimen178
\l__coffin_bottom_corner_dim=\dimen179
\l__coffin_top_corner_dim=\dimen180
\l__coffin_scaled_total_height_dim=\dimen181
\l__coffin_scaled_width_dim=\dimen182
)
(/usr/local/texlive/2015/texmf-dist/tex/latex/l3kernel/l3unicode-data.def
File: l3unicode-data.def 2015/03/01 v5544 L3 Unicode data
)
(/usr/local/texlive/2015/texmf-dist/tex/latex/l3kernel/l3pdfmode.def
File: l3pdfmode.def 2015/03/01 v5544 L3 Experimental driver: PDF mode
\l__driver_color_stack_int=\count139
))
Package: xpatch 2012/10/02 v0.3 Extending etoolbox patching commands

(/usr/local/texlive/2015/texmf-dist/tex/latex/l3packages/xparse/xparse.sty
Package: xparse 2014/11/25 v5471 L3 Experimental document command parser
\l__xparse_current_arg_int=\count140
\l__xparse_m_args_int=\count141
\l__xparse_mandatory_args_int=\count142
\l__xparse_processor_int=\count143
\l__xparse_v_nesting_int=\count144
)
.................................................
. LaTeX info: "xparse/define-command"
. 
. Defining command \xpatchcmd with sig. '' on line 125.
.................................................
.................................................
. LaTeX info: "xparse/define-command"
. 
. Defining command \xpretocmd with sig. '' on line 126.
.................................................
.................................................
. LaTeX info: "xparse/define-command"
. 
. Defining command \xapptocmd with sig. '' on line 127.
.................................................
.................................................
. LaTeX info: "xparse/define-command"
. 
. Defining command \xshowcmd with sig. '' on line 128.
.................................................
.................................................
. LaTeX info: "xparse/define-command"
. 
. Defining command \xpatchbibmacro with sig. 'm' on line 131.
.................................................
.................................................
. LaTeX info: "xparse/define-command"
. 
. Defining command \xpretobibmacro with sig. 'm' on line 133.
.................................................
.................................................
. LaTeX info: "xparse/define-command"
. 
. Defining command \xapptobibmacro with sig. 'm' on line 135.
.................................................
.................................................
. LaTeX info: "xparse/define-command"
. 
. Defining command \xshowbibmacro with sig. 'm' on line 137.
.................................................
.................................................
. LaTeX info: "xparse/define-command"
. 
. Defining command \xpatchfieldformat with sig. 'O{*}m' on line 139.
.................................................
.................................................
. LaTeX info: "xparse/define-command"
. 
. Defining command \xpretofieldformat with sig. 'O{*}m' on line 141.
.................................................
.................................................
. LaTeX info: "xparse/define-command"
. 
. Defining command \xapptofieldformat with sig. 'O{*}m' on line 143.
.................................................
.................................................
. LaTeX info: "xparse/define-command"
. 
. Defining command \xshowfieldformat with sig. 'O{*}m' on line 145.
.................................................
.................................................
. LaTeX info: "xparse/define-command"
. 
. Defining command \xpatchnameformat with sig. 'O{*}m' on line 147.
.................................................
.................................................
. LaTeX info: "xparse/define-command"
. 
. Defining command \xpretonameformat with sig. 'O{*}m' on line 149.
.................................................
.................................................
. LaTeX info: "xparse/define-command"
. 
. Defining command \xapptonameformat with sig. 'O{*}m' on line 151.
.................................................
.................................................
. LaTeX info: "xparse/define-command"
. 
. Defining command \xshownameformat with sig. 'O{*}m' on line 153.
.................................................
.................................................
. LaTeX info: "xparse/define-command"
. 
. Defining command \xpatchlistformat with sig. 'O{*}m' on line 155.
.................................................
.................................................
. LaTeX info: "xparse/define-command"
. 
. Defining command \xpretolistformat with sig. 'O{*}m' on line 157.
.................................................
.................................................
. LaTeX info: "xparse/define-command"
. 
. Defining command \xapptolistformat with sig. 'O{*}m' on line 159.
.................................................
.................................................
. LaTeX info: "xparse/define-command"
. 
. Defining command \xshowlistformat with sig. 'O{*}m' on line 161.
.................................................
.................................................
. LaTeX info: "xparse/define-command"
. 
. Defining command \xpatchindexfieldformat with sig. 'O{*}m' on line 163.
.................................................
.................................................
. LaTeX info: "xparse/define-command"
. 
. Defining command \xpretoindexfieldformat with sig. 'O{*}m' on line 165.
.................................................
.................................................
. LaTeX info: "xparse/define-command"
. 
. Defining command \xapptoindexfieldformat with sig. 'O{*}m' on line 167.
.................................................
.................................................
. LaTeX info: "xparse/define-command"
. 
. Defining command \xshowindexfieldformat with sig. 'O{*}m' on line 169.
.................................................
.................................................
. LaTeX info: "xparse/define-command"
. 
. Defining command \xpatchindexnameformat with sig. 'O{*}m' on line 171.
.................................................
.................................................
. LaTeX info: "xparse/define-command"
. 
. Defining command \xpretoindexnameformat with sig. 'O{*}m' on line 173.
.................................................
.................................................
. LaTeX info: "xparse/define-command"
. 
. Defining command \xapptoindexnameformat with sig. 'O{*}m' on line 175.
.................................................
.................................................
. LaTeX info: "xparse/define-command"
. 
. Defining command \xshowindexnameformat with sig. 'O{*}m' on line 177.
.................................................
.................................................
. LaTeX info: "xparse/define-command"
. 
. Defining command \xpatchindexlistformat with sig. 'O{*}m' on line 179.
.................................................
.................................................
. LaTeX info: "xparse/define-command"
. 
. Defining command \xpretoindexlistformat with sig. 'O{*}m' on line 181.
.................................................
.................................................
. LaTeX info: "xparse/define-command"
. 
. Defining command \xappindextolistformat with sig. 'O{*}m' on line 183.
.................................................
.................................................
. LaTeX info: "xparse/define-command"
. 
. Defining command \xshowindexlistformat with sig. 'O{*}m' on line 185.
.................................................
.................................................
. LaTeX info: "xparse/define-command"
. 
. Defining command \xpatchbibdriver with sig. 'm' on line 187.
.................................................
.................................................
. LaTeX info: "xparse/define-command"
. 
. Defining command \xpretobibdriver with sig. 'm' on line 189.
.................................................
.................................................
. LaTeX info: "xparse/define-command"
. 
. Defining command \xapptobibdriver with sig. 'm' on line 191.
.................................................
.................................................
. LaTeX info: "xparse/define-command"
. 
. Defining command \xshowbibdriver with sig. 'm' on line 193.
.................................................
)
(/usr/local/texlive/2015/texmf-dist/tex/latex/tools/multicol.sty
Package: multicol 2015/03/31 v1.8m multicolumn formatting (FMi)
\c@tracingmulticols=\count145
\mult@box=\box46
\multicol@leftmargin=\dimen183
\c@unbalance=\count146
\c@collectmore=\count147
\doublecol@number=\count148
\multicoltolerance=\count149
\multicolpretolerance=\count150
\full@width=\dimen184
\page@free=\dimen185
\premulticols=\dimen186
\postmulticols=\dimen187
\multicolsep=\skip68
\multicolbaselineskip=\skip69
\partial@page=\box47
\last@line=\box48
\maxbalancingoverflow=\dimen188
\mult@rightbox=\box49
\mult@grightbox=\box50
\mult@gfirstbox=\box51
\mult@firstbox=\box52
\@tempa=\box53
\@tempa=\box54
\@tempa=\box55
\@tempa=\box56
\@tempa=\box57
\@tempa=\box58
\@tempa=\box59
\@tempa=\box60
\@tempa=\box61
\@tempa=\box62
\@tempa=\box63
\@tempa=\box64
\@tempa=\box65
\@tempa=\box66
\@tempa=\box67
\@tempa=\box68
\@tempa=\box69
\c@columnbadness=\count151
\c@finalcolumnbadness=\count152
\last@try=\dimen189
\multicolovershoot=\dimen190
\multicolundershoot=\dimen191
\mult@nat@firstbox=\box70
\colbreak@box=\box71
\mc@col@check@num=\count153
))
\main@idxfile=\write3
\openout3 = `main.idx'.


Writing index file main.idx
\SAP@paperauthorcount=\count154
\SAP@paperauthortoks=\toks26
\SAP@papertitletoks=\toks27
) (/usr/local/texlive/2015/texmf-dist/tex/latex/lipsum/lipsum.sty
Package: lipsum 2014/07/27 v1.3 150 paragraphs of Lorem Ipsum dummy text
\c@lips@count=\count155
)
No file main.aux.
\openout1 = `main.aux'.

LaTeX Font Info:    Checking defaults for OML/cmm/m/it on input line 14.
LaTeX Font Info:    ... okay on input line 14.
LaTeX Font Info:    Checking defaults for T1/cmr/m/n on input line 14.
LaTeX Font Info:    ... okay on input line 14.
LaTeX Font Info:    Checking defaults for OT1/cmr/m/n on input line 14.
LaTeX Font Info:    ... okay on input line 14.
LaTeX Font Info:    Checking defaults for OMS/cmsy/m/n on input line 14.
LaTeX Font Info:    ... okay on input line 14.
LaTeX Font Info:    Checking defaults for OMX/cmex/m/n on input line 14.
LaTeX Font Info:    ... okay on input line 14.
LaTeX Font Info:    Checking defaults for U/cmr/m/n on input line 14.
LaTeX Font Info:    ... okay on input line 14.
LaTeX Font Info:    Checking defaults for TS1/cmr/m/n on input line 14.
LaTeX Font Info:    Try loading font information for TS1+cmr on input line 14.
(/usr/local/texlive/2015/texmf-dist/tex/latex/base/ts1cmr.fd
File: ts1cmr.fd 2014/09/29 v2.5h Standard LaTeX font definitions
)
LaTeX Font Info:    ... okay on input line 14.
LaTeX Font Info:    Try loading font information for T1+qpl on input line 14.

(/usr/local/texlive/2015/texmf-dist/tex/latex/tex-gyre/t1qpl.fd
File: t1qpl.fd 2009/09/25 v1.2 font definition file for T1/qpl
)
LaTeX Info: Redefining \microtypecontext on input line 14.
Package microtype Info: Generating PDF output.
Package microtype Info: Character protrusion enabled (level 2).
Package microtype Info: Using default protrusion set `alltext'.
Package microtype Info: Automatic font expansion enabled (level 2),
(microtype)             stretch: 20, shrink: 20, step: 1, non-selected.
Package microtype Info: Using default expansion set `basictext'.
Package microtype Info: No adjustment of tracking.
Package microtype Info: No adjustment of interword spacing.
Package microtype Info: No adjustment of character kerning.

(/usr/local/texlive/2015/texmf-dist/tex/latex/microtype/mt-ppl.cfg
File: mt-ppl.cfg 2005/11/16 v1.6 microtype config. file: Palatino (RS)
)
*geometry* driver: auto-detecting
*geometry* detected driver: pdftex
*geometry* verbose mode - [ preamble ] result:
* driver: pdftex
* paper: custom
* layout: <same size as paper>
* layoutoffset:(h,v)=(0.0pt,0.0pt)
* modes: twoside 
* h-part:(L,W,R)=(65.44133pt, 310.13503pt, 79.66772pt)
* v-part:(T,H,B)=(71.13188pt, 542.16727pt, 41.11423pt)
* \paperwidth=455.24408pt
* \paperheight=654.41338pt
* \textwidth=310.13503pt
* \textheight=542.16727pt
* \oddsidemargin=-6.82866pt
* \evensidemargin=7.39774pt
* \topmargin=-40.87953pt
* \headheight=12.0pt
* \headsep=27.74142pt
* \topskip=10.0pt
* \footskip=25.29494pt
* \marginparwidth=125.0pt
* \marginparsep=7.0pt
* \columnsep=10.0pt
* \skip\footins=14.22636pt plus 7.11317pt
* \hoffset=0.0pt
* \voffset=0.0pt
* \mag=1000
* \@twocolumnfalse
* \@twosidetrue
* \@mparswitchtrue
* \@reversemarginfalse
* (1in=72.27pt=25.4mm, 1cm=28.453pt)

Package caption Info: Begin \AtBeginDocument code.
Package caption Info: End \AtBeginDocument code.
(/usr/local/texlive/2015/texmf-dist/tex/context/base/supp-pdf.mkii
[Loading MPS to PDF converter (version 2006.09.02).]
\scratchcounter=\count156
\scratchdimen=\dimen192
\scratchbox=\box72
\nofMPsegments=\count157
\nofMParguments=\count158
\everyMPshowfont=\toks28
\MPscratchCnt=\count159
\MPscratchDim=\dimen193
\MPnumerator=\count160
\makeMPintoPDFobject=\count161
\everyMPtoPDFconversion=\toks29
) (/usr/local/texlive/2015/texmf-dist/tex/generic/oberdiek/pdftexcmds.sty
Package: pdftexcmds 2011/11/29 v0.20 Utility functions of pdfTeX for LuaTeX (HO
)
Package pdftexcmds Info: LuaTeX not detected.
Package pdftexcmds Info: \pdf@primitive is available.
Package pdftexcmds Info: \pdf@ifprimitive is available.
Package pdftexcmds Info: \pdfdraftmode found.
)
(/usr/local/texlive/2015/texmf-dist/tex/latex/oberdiek/epstopdf-base.sty
Package: epstopdf-base 2010/02/09 v2.5 Base part for package epstopdf

(/usr/local/texlive/2015/texmf-dist/tex/latex/oberdiek/grfext.sty
Package: grfext 2010/08/19 v1.1 Manage graphics extensions (HO)

(/usr/local/texlive/2015/texmf-dist/tex/generic/oberdiek/kvdefinekeys.sty
Package: kvdefinekeys 2011/04/07 v1.3 Define keys (HO)
))
Package grfext Info: Graphics extension search list:
(grfext)             [.png,.pdf,.jpg,.mps,.jpeg,.jbig2,.jb2,.PNG,.PDF,.JPG,.JPE
G,.JBIG2,.JB2,.eps]
(grfext)             \AppendGraphicsExtensions on input line 452.

(/usr/local/texlive/2015/texmf-dist/tex/latex/latexconfig/epstopdf-sys.cfg
File: epstopdf-sys.cfg 2010/07/13 v1.3 Configuration of (r)epstopdf for TeX Liv
e
))
\AtBeginShipoutBox=\box73

(/usr/local/texlive/2015/texmf-dist/tex/latex/tools/bm.sty
Package: bm 2014/10/28 v1.1c Bold Symbol Support (DPC/FMi)
\symboldoperators=\mathgroup5
\symboldletters=\mathgroup6
\symboldsymbols=\mathgroup7
\symboldupright=\mathgroup8
LaTeX Font Info:    Redeclaring math alphabet \mathbf on input line 141.
LaTeX Info: Redefining \bm on input line 207.
)
LaTeX Info: Redefining \textsubscript on input line 14.
*geometry* verbose mode - [ newgeometry ] result:
* driver: pdftex
* paper: custom
* layout: <same size as paper>
* layoutoffset:(h,v)=(0.0pt,0.0pt)
* hratio: 1:1
* modes: twoside 
* h-part:(L,W,R)=(72.55452pt, 310.13503pt, 72.55453pt)
* v-part:(T,H,B)=(71.13188pt, 542.16727pt, 41.11423pt)
* \paperwidth=455.24408pt
* \paperheight=654.41338pt
* \textwidth=310.13503pt
* \textheight=542.16727pt
* \oddsidemargin=0.28453pt
* \evensidemargin=0.28455pt
* \topmargin=-40.87953pt
* \headheight=12.0pt
* \headsep=27.74142pt
* \topskip=10.0pt
* \footskip=25.29494pt
* \marginparwidth=125.0pt
* \marginparsep=7.0pt
* \columnsep=10.0pt
* \skip\footins=14.22636pt plus 7.11317pt
* \hoffset=0.0pt
* \voffset=0.0pt
* \mag=1000
* \@twocolumnfalse
* \@twosidetrue
* \@mparswitchtrue
* \@reversemarginfalse
* (1in=72.27pt=25.4mm, 1cm=28.453pt)


<SUPlogo.pdf, id=1, 187.70125pt x 157.58875pt>
File: SUPlogo.pdf Graphic file (type pdf)
 <use SUPlogo.pdf>
Package pdftex.def Info: SUPlogo.pdf used on input line 16.
(pdftex.def)             Requested size: 71.13188pt x 59.72083pt.
 [3



{/usr/local/texlive/2015/texmf-var/fonts/map/pdftex/updmap/pdftex.map} <./SUPlo
go.pdf>]
LaTeX Font Info:    Try loading font information for TS1+qpl on input line 16.

(/usr/local/texlive/2015/texmf-dist/tex/latex/tex-gyre/ts1qpl.fd
File: ts1qpl.fd 2009/09/25 v1.2 font definition file for TS1/qpl
)
Underfull \hbox (badness 10000) in paragraph at lines 16--16

 []


Underfull \hbox (badness 10000) in paragraph at lines 16--16

 []

[4


]
No file main.toc.
\tf@toc=\write4
\openout4 = `main.toc'.

[5


] [6

] [7]
Package microtype Info: Character `029' is missing
(microtype)             in font `T1/qpl/m/sc/9'.
(microtype)             Ignoring protrusion settings for this character.
 [8]
\openout2 = `committee.aux'.

 (./committee.tex
LaTeX Font Info:    Try loading font information for T1+lmtt on input line 7.

(/usr/local/texlive/2015/texmf-dist/tex/latex/lm/t1lmtt.fd
File: t1lmtt.fd 2009/10/30 v1.6 Font defs for Latin Modern
)
Package microtype Info: Loading generic settings for font family
(microtype)             `lmtt' (encoding: T1).
(microtype)             For optimal results, create family-specific settings.
(microtype)             See the microtype manual for details.

Overfull \hbox (3.59248pt too wide) in paragraph at lines 7--7
\T1/qpl/m/n/10 (-20) Ruprecht-Karls-Universit√§t Hei-
 []


Overfull \hbox (42.90833pt too wide) in paragraph at lines 7--7
\T1/lmtt/m/n/10 pietro.liuzzo@zaw.uni-heidelberg.de 
 []


Overfull \hbox (6.15843pt too wide) in paragraph at lines 15--15
\T1/lmtt/m/n/10 mario.rossi@uni-oldenburg.de 
 []


Overfull \hbox (6.15843pt too wide) in paragraph at lines 23--23
\T1/lmtt/m/n/10 mario.rossi@uni-oldenburg.de 
 []


Overfull \hbox (6.15843pt too wide) in paragraph at lines 31--31
\T1/lmtt/m/n/10 mario.rossi@uni-oldenburg.de 
 []


Overfull \hbox (6.15843pt too wide) in paragraph at lines 39--39
\T1/lmtt/m/n/10 mario.rossi@uni-oldenburg.de 
 []

./committee.tex:52: Missing $ inserted.
<inserted text> 
                $
l.52 John	Bodel	john_
                     bodel@brown.edu	https://research.brown.edu/myresearch/J...

? 
LaTeX Font Info:    Try loading font information for OT1+pplx on input line 52.

(/usr/local/texlive/2015/texmf-dist/tex/latex/psnfss/ot1pplx.fd
File: ot1pplx.fd 2004/09/06 font definitions for OT1/pplx.
)
LaTeX Font Info:    Try loading font information for OML+zplm on input line 52.


(/usr/local/texlive/2015/texmf-dist/tex/latex/psnfss/omlzplm.fd
File: omlzplm.fd 2002/09/08 Fontinst v1.914 font definitions for OML/zplm.
)
LaTeX Font Info:    Try loading font information for OMS+zplm on input line 52.


(/usr/local/texlive/2015/texmf-dist/tex/latex/psnfss/omszplm.fd
File: omszplm.fd 2002/09/08 Fontinst v1.914 font definitions for OMS/zplm.
)
LaTeX Font Info:    Try loading font information for OMX+zplm on input line 52.


(/usr/local/texlive/2015/texmf-dist/tex/latex/psnfss/omxzplm.fd
File: omxzplm.fd 2002/09/08 Fontinst v1.914 font definitions for OMX/zplm.
)
LaTeX Font Info:    Try loading font information for OT1+zplm on input line 52.


(/usr/local/texlive/2015/texmf-dist/tex/latex/psnfss/ot1zplm.fd
File: ot1zplm.fd 2002/09/08 Fontinst v1.914 font definitions for OT1/zplm.
)
Package microtype Info: Loading generic settings for font family
(microtype)             `zplm' (encoding: OT1).
(microtype)             For optimal results, create family-specific settings.
(microtype)             See the microtype manual for details.

./committee.tex:83: Missing $ inserted.
<inserted text> 
                $
l.83 
     
? 
Missing character: There is no √ in font pplr9t!
Missing character: There is no † in font pplr9t!
Missing character: There is no √ in font pplr9t!
Missing character: There is no † in font pplr9t!
Missing character: There is no ≈ in font pplr9t!
Missing character: There is no † in font pplr9t!
Missing character: There is no ≈ in font pplr9t!
Missing character: There is no ° in font pplr9t!
Missing character: There is no √ in font pplr9t!
Missing character: There is no ° in font pplr9t!
Missing character: There is no √ in font pplr9t!
Missing character: There is no † in font pplr9t!
Missing character: There is no √ in font pplr9t!
Missing character: There is no † in font pplr9t!
Missing character: There is no √ in font pplr9t!
Missing character: There is no † in font pplr9t!
Missing character: There is no √ in font pplr9t!
Missing character: There is no © in font pplr9t!
Missing character: There is no √ in font pplr9t!
Missing character: There is no † in font pplr9t!

Overfull \hbox (49.94617pt too wide) in paragraph at lines 41--83
[]\T1/qpl/m/n/10 (-20) Francesco Mam-brini f.mambrini@gmail.com
 []


Overfull \hbox (95.72282pt too wide) in paragraph at lines 41--83
\T1/qpl/m/n/10 (-20) faella.santucci@uniroma1.it http://digilab.uniroma1.it
 []


Overfull \hbox (56.8353pt too wide) in paragraph at lines 41--83
\T1/qpl/m/n/10 (-20) chair Clau-dio Pran-doni pran-doni@promoter.it
 []


Overfull \hbox (96.81975pt too wide) in paragraph at lines 41--83
\T1/qpl/m/n/10 (-20) http://www.promoter.it, www.digitalmeetsculture.net
 []


Overfull \hbox (77.00165pt too wide) in paragraph at lines 41--83
\T1/qpl/m/n/10 (-20) Pro-moter Sil-via Or-landi sil-via.orlandi@uniroma1.it
 []


Overfull \hbox (13.58992pt too wide) in paragraph at lines 41--83
\T1/qpl/m/n/10 (-20) Rainer Si-mon rainer.simon@ait.ac.at
 []


Overfull \hbox (7.7947pt too wide) in paragraph at lines 41--83
\T1/qpl/m/n/10 (-20) In-sti-tute of Tech-nol-ogy Rada Varga
 []


Overfull \hbox (20.6063pt too wide) in paragraph at lines 41--83
\T1/qpl/m/n/10 (-20) ra-davarga@gmail.com Babe»ô-Bolyai
 []


Overfull \hbox (40.0499pt too wide) in paragraph at lines 41--83
\T1/qpl/m/n/10 (-20) Uni-ver-sity Mon-ica Berti monica.berti@uni-
 []


Overfull \hbox (34.47652pt too wide) in paragraph at lines 41--83
\T1/qpl/m/n/10 (-20) leipzig.de http://www.monicaberti.com
 []


Overfull \hbox (88.09052pt too wide) in paragraph at lines 41--83
\T1/qpl/m/n/10 (-20) mon sorin.hermon@gmail.com http://www.cyi.ac.cy
 []


Overfull \hbox (23.49878pt too wide) in paragraph at lines 41--83
\T1/qpl/m/n/10 (-20) Rouech√© char-lotte.roueche@kcl.ac.uk
 []


Overfull \hbox (110.50609pt too wide) in paragraph at lines 41--83
\T1/qpl/m/n/10 (-20) sen lei-fuss@googlemail.com http://leifuss.wordpress.com
 []


Overfull \hbox (17.5369pt too wide) in paragraph at lines 41--83
\T1/qpl/m/n/10 (-20) Uni-ver-sity of Southamp-ton Valentina
 []


Overfull \hbox (98.5128pt too wide) in paragraph at lines 41--83
\T1/qpl/m/n/10 (-20) Cyprus In-sti-tute John Bodel john$[]\OML/zplm/m/it/10 ode
l\OT1/pplx/m/n/10 @\OML/zplm/m/it/10 brown\OT1/pplx/m/n/10 .\OML/zplm/m/it/10 e
duhttps \OT1/zplm/m/n/10 :
 []


Overfull \hbox (543.83493pt too wide) in paragraph at lines 41--83
\OT1/zplm/m/n/10 //\OML/zplm/m/it/10 research\OT1/pplx/m/n/10 .\OML/zplm/m/it/1
0 brown\OT1/pplx/m/n/10 .\OML/zplm/m/it/10 edu\OT1/zplm/m/n/10 /\OML/zplm/m/it/
10 myresearch\OT1/zplm/m/n/10 /\OML/zplm/m/it/10 John[]odelBrownUniversityAliso
nCooleya\OT1/pplx/m/n/10 .\OML/zplm/m/it/10 cooley\OT1/pplx/m/n/10 @\OML/zplm/m
/it/10 warwick\OT1/pplx/m/n/10 .\OML/zplm/m/it/10 ac\OT1/pplx/m/n/10 .\OML/zplm
/m/it/10 ukUniversityofWarwickTomElliotttom\OT1/pplx/m/n/10 .\OML/zplm/m/it/10 
elliott\OT1/pplx/m/n/10 @\OML/zplm/m/it/10 nyu\OT1/pplx/m/n/10 .\OML/zplm/m/it/
10 eduhttp \OT1/zplm/m/n/10 :
 []


Overfull \hbox (104.31496pt too wide) in paragraph at lines 41--83
\OT1/zplm/m/n/10 //\OML/zplm/m/it/10 www\OT1/pplx/m/n/10 .\OML/zplm/m/it/10 par
egorios\OT1/pplx/m/n/10 .\OML/zplm/m/it/10 orgNewYorkUniversityBryanWard \OMS/z
plm/m/n/10 ^^@
 []


Overfull \hbox (596.68579pt too wide) in paragraph at lines 41--83
\OML/zplm/m/it/10 Perkinsbryan\OT1/pplx/m/n/10 .\OML/zplm/m/it/10 ward \OMS/zpl
m/m/n/10 ^^@ \OML/zplm/m/it/10 perkins\OT1/pplx/m/n/10 @\OML/zplm/m/it/10 trini
ty\OT1/pplx/m/n/10 .\OML/zplm/m/it/10 ox\OT1/pplx/m/n/10 .\OML/zplm/m/it/10 ac\
OT1/pplx/m/n/10 .\OML/zplm/m/it/10 ukOxfordUniversityRobertMatijasicrmatija\OT1
/pplx/m/n/10 @\OML/zplm/m/it/10 unipu\OT1/pplx/m/n/10 .\OML/zplm/m/it/10 hrJura
jDobrilaUniversityofPulaAnitaRoccoanitarocco\OT1/pplx/m/n/10 74@\OML/zplm/m/it/
10 gmail\OT1/pplx/m/n/10 .\OML/zplm/m/it/10 comhttp \OT1/zplm/m/n/10 :
 []


Overfull \hbox (652.96074pt too wide) in paragraph at lines 41--83
\OT1/zplm/m/n/10 //\OML/zplm/m/it/10 www\OT1/pplx/m/n/10 .\OML/zplm/m/it/10 edb
\OT1/pplx/m/n/10 .\OML/zplm/m/it/10 uniba\OT1/pplx/m/n/10 .\OML/zplm/m/it/10 it
\OT1/zplm/m/n/10 /\OML/zplm/m/it/10 UniversitdiBariMarkDepauwmark\OT1/pplx/m/n/
10 .\OML/zplm/m/it/10 depauw\OT1/pplx/m/n/10 @\OML/zplm/m/it/10 kuleuven\OT1/pp
lx/m/n/10 .\OML/zplm/m/it/10 beKULeuvenMarcoSchaerfmarco\OT1/pplx/m/n/10 .\OML/
zplm/m/it/10 schaerf\OT1/pplx/m/n/10 @\OML/zplm/m/it/10 uniroma\OT1/pplx/m/n/10
 1.\OML/zplm/m/it/10 itSapienzaUniversitdiRomaMarjetaaelKosmkos\OT1/pplx/m/n/10
 @\OML/zplm/m/it/10 zrc \OMS/zplm/m/n/10 ^^@
 []


Overfull \hbox (320.97179pt too wide) in paragraph at lines 41--83
\OML/zplm/m/it/10 sazu\OT1/pplx/m/n/10 .\OML/zplm/m/it/10 sihttp \OT1/zplm/m/n/
10 : //\OML/zplm/m/it/10 iza\OT1/pplx/m/n/10 .\OML/zplm/m/it/10 zrc \OMS/zplm/m
/n/10 ^^@ \OML/zplm/m/it/10 sazu\OT1/pplx/m/n/10 .\OML/zplm/m/it/10 siZRCSAZU\O
T1/pplx/m/n/10 , \OML/zplm/m/it/10 InstituteofArchaeologyAntonellaFresafresa\OT
1/pplx/m/n/10 @\OML/zplm/m/it/10 promoter\OT1/pplx/m/n/10 .\OML/zplm/m/it/10 it
http \OT1/zplm/m/n/10 :
 []


Overfull \hbox (180.87239pt too wide) in paragraph at lines 41--83
\OT1/zplm/m/n/10 //\OML/zplm/m/it/10 www\OT1/pplx/m/n/10 .\OML/zplm/m/it/10 pro
moter\OT1/pplx/m/n/10 .\OML/zplm/m/it/10 itPromoterS\OT1/pplx/m/n/10 .\OML/zplm
/m/it/10 r\OT1/pplx/m/n/10 .\OML/zplm/m/it/10 l\OT1/pplx/m/n/10 .\OML/zplm/m/it
/10 AllisonKupietzkyallison\OT1/pplx/m/n/10 @\OML/zplm/m/it/10 imj\OT1/pplx/m/n
/10 .\OML/zplm/m/it/10 org\OT1/pplx/m/n/10 .\OML/zplm/m/it/10 ilhttp \OT1/zplm/
m/n/10 :
 []


Overfull \hbox (370.22945pt too wide) in paragraph at lines 41--83
\OT1/zplm/m/n/10 //\OML/zplm/m/it/10 www\OT1/pplx/m/n/10 .\OML/zplm/m/it/10 imj
\OT1/pplx/m/n/10 .\OML/zplm/m/it/10 org\OT1/pplx/m/n/10 .\OML/zplm/m/it/10 ilTh
eIsraelMuseum\OT1/pplx/m/n/10 , \OML/zplm/m/it/10 JerusalemDonatoFasolinidonato
\OT1/pplx/m/n/10 .\OML/zplm/m/it/10 fasolini\OT1/pplx/m/n/10 @\OML/zplm/m/it/10
 gmail\OT1/pplx/m/n/10 .\OML/zplm/m/it/10 comUniversidaddeAlcalMarie \OMS/zplm/
m/n/10 ^^@
 []


Overfull \hbox (307.49927pt too wide) in paragraph at lines 41--83
\OML/zplm/m/it/10 ClaireBeaulieumarie \OMS/zplm/m/n/10 ^^@ \OML/zplm/m/it/10 cl
aire\OT1/pplx/m/n/10 .\OML/zplm/m/it/10 beaulieu\OT1/pplx/m/n/10 @\OML/zplm/m/i
t/10 tufts\OT1/pplx/m/n/10 .\OML/zplm/m/it/10 eduTuftsUniversityGianvitoPiogian
vito\OT1/pplx/m/n/10 .\OML/zplm/m/it/10 pio\OT1/pplx/m/n/10 @\OML/zplm/m/it/10 
uniba\OT1/pplx/m/n/10 .\OML/zplm/m/it/10 ithttp \OT1/zplm/m/n/10 :
 []


Overfull \hbox (760.7484pt too wide) in paragraph at lines 41--83
\OT1/zplm/m/n/10 //\OML/zplm/m/it/10 www\OT1/pplx/m/n/10 .\OML/zplm/m/it/10 di\
OT1/pplx/m/n/10 .\OML/zplm/m/it/10 uniba\OT1/pplx/m/n/10 .\OML/zplm/m/it/10 it\
OT1/zplm/m/n/10 / []\OML/zplm/m/it/10 gianvitopio\OT1/zplm/m/n/10 /\OML/zplm/m/
it/10 UniversitdiBariAldoMoroStephenLambertlamberts\OT1/pplx/m/n/10 @\OML/zplm/
m/it/10 cardiff\OT1/pplx/m/n/10 .\OML/zplm/m/it/10 ac\OT1/pplx/m/n/10 .\OML/zpl
m/m/it/10 ukCardiffUniversityUlrichGehnulrich\OT1/pplx/m/n/10 .\OML/zplm/m/it/1
0 gehn\OT1/pplx/m/n/10 @\OML/zplm/m/it/10 history\OT1/pplx/m/n/10 .\OML/zplm/m/
it/10 ox\OT1/pplx/m/n/10 .\OML/zplm/m/it/10 ac\OT1/pplx/m/n/10 .\OML/zplm/m/it/
10 ukOxfordUniversityAskoldIvantchikivantchik\OT1/pplx/m/n/10 @\OML/zplm/m/it/1
0 u \OMS/zplm/m/n/10 ^^@
 []


Overfull \hbox (596.93178pt too wide) in paragraph at lines 41--83
\OML/zplm/m/it/10 bordeaux \OMS/zplm/m/n/10 ^^@ \OML/zplm/m/it/10 montaigne\OT1
/pplx/m/n/10 .\OML/zplm/m/it/10 frAusonius\OT1/pplx/m/n/10 , \OML/zplm/m/it/10 
UMR\OT1/pplx/m/n/10 5607, \OML/zplm/m/it/10 CNRSAntonioEnricoFelleae\OT1/pplx/m
/n/10 .\OML/zplm/m/it/10 felle\OT1/pplx/m/n/10 @\OML/zplm/m/it/10 gmail\OT1/ppl
x/m/n/10 .\OML/zplm/m/it/10 comUniversitdegliStudidiBari\OT1/pplx/m/n/10 "\OML/
zplm/m/it/10 AldoMoro\OT1/pplx/m/n/10 "\OML/zplm/m/it/10 MicheleBrunetMichele\O
T1/pplx/m/n/10 .\OML/zplm/m/it/10 Brunet\OT1/pplx/m/n/10 @\OML/zplm/m/it/10 uni
v \OMS/zplm/m/n/10 ^^@
 []


Overfull \hbox (123.69368pt too wide) in paragraph at lines 41--83
\OML/zplm/m/it/10 lyon\OT1/pplx/m/n/10 2.\OML/zplm/m/it/10 frUniversityofLyonGa
brileGuidig\OT1/pplx/m/n/10 .\OML/zplm/m/it/10 guidi\OT1/pplx/m/n/10 @\OML/zplm
/m/it/10 ieee\OT1/pplx/m/n/10 .\OML/zplm/m/it/10 orghttp \OT1/zplm/m/n/10 :
 []


Overfull \hbox (249.06116pt too wide) in paragraph at lines 41--83
\OT1/zplm/m/n/10 //\OML/zplm/m/it/10 www\OT1/pplx/m/n/10 .\OML/zplm/m/it/10 eng
lish\OT1/pplx/m/n/10 .\OML/zplm/m/it/10 polimi\OT1/pplx/m/n/10 .\OML/zplm/m/it/
10 it\OT1/zplm/m/n/10 /\OML/zplm/m/it/10 PolitecnicoMilanoFabrizioFalchifabrizi
o\OT1/pplx/m/n/10 .\OML/zplm/m/it/10 falchi\OT1/pplx/m/n/10 @\OML/zplm/m/it/10 
isti\OT1/pplx/m/n/10 .\OML/zplm/m/it/10 cnr\OT1/pplx/m/n/10 .\OML/zplm/m/it/10 
ithttp \OT1/zplm/m/n/10 :
 []


Overfull \hbox (86.87413pt too wide) in paragraph at lines 41--83
\OML/zplm/m/it/10 ISTIGiuseppeAmatogiuseppe\OT1/pplx/m/n/10 .\OML/zplm/m/it/10 
amato\OT1/pplx/m/n/10 @\OML/zplm/m/it/10 isti\OT1/pplx/m/n/10 .\OML/zplm/m/it/1
0 cnr\OT1/pplx/m/n/10 .\OML/zplm/m/it/10 ithttp \OT1/zplm/m/n/10 :
 []


Overfull \hbox (49.0058pt too wide) in paragraph at lines 41--83
\OT1/zplm/m/n/10 //\OML/zplm/m/it/10 www\OT1/pplx/m/n/10 .\OML/zplm/m/it/10 ist
i\OT1/pplx/m/n/10 .\OML/zplm/m/it/10 cnr\OT1/pplx/m/n/10 .\OML/zplm/m/it/10 it\
OT1/zplm/m/n/10 /\OML/zplm/m/it/10 People\OT1/zplm/m/n/10 /\OML/zplm/m/it/10 G\
OT1/pplx/m/n/10 .\OML/zplm/m/it/10 AmatoCNR \OMS/zplm/m/n/10 ^^@
 []


Overfull \hbox (72.5247pt too wide) in paragraph at lines 41--83
\OML/zplm/m/it/10 ISTIMaurizioLanamaurizio\OT1/pplx/m/n/10 .\OML/zplm/m/it/10 l
ana\OT1/pplx/m/n/10 @\OML/zplm/m/it/10 uniupo\OT1/pplx/m/n/10 .\OML/zplm/m/it/1
0 ithttp \OT1/zplm/m/n/10 :
 []


Overfull \hbox (717.83966pt too wide) in paragraph at lines 41--83
\OT1/zplm/m/n/10 //\OML/zplm/m/it/10 www\OT1/pplx/m/n/10 .\OML/zplm/m/it/10 let
t\OT1/pplx/m/n/10 .\OML/zplm/m/it/10 unipmn\OT1/pplx/m/n/10 .\OML/zplm/m/it/10 
it\OT1/zplm/m/n/10 /\OML/zplm/m/it/10 docenti\OT1/zplm/m/n/10 /\OML/zplm/m/it/1
0 lanaUniversitdelPiemonteOrientaleAndreaZannizanni\OT1/pplx/m/n/10 .\OML/zplm/
m/it/10 andrea\OT1/pplx/m/n/10 84@\OML/zplm/m/it/10 gmail\OT1/pplx/m/n/10 .\OML
/zplm/m/it/10 comWikimediaItaliaHughCaylessphilomousos\OT1/pplx/m/n/10 @\OML/zp
lm/m/it/10 gmail\OT1/pplx/m/n/10 .\OML/zplm/m/it/10 comDukeUniversityFranciscaF
eraudi \OMS/zplm/m/n/10 ^^@
 []


Overfull \hbox (70.81346pt too wide) in paragraph at lines 41--83
\OML/zplm/m/it/10 Grunaisfrancisca\OT1/pplx/m/n/10 .\OML/zplm/m/it/10 feraudi \
OMS/zplm/m/n/10 ^^@ \OML/zplm/m/it/10 gruenais\OT1/pplx/m/n/10 @\OML/zplm/m/it/
10 zaw\OT1/pplx/m/n/10 .\OML/zplm/m/it/10 uni \OMS/zplm/m/n/10 ^^@
 []


Overfull \hbox (225.04242pt too wide) in paragraph at lines 41--83
\OML/zplm/m/it/10 heidelberg\OT1/pplx/m/n/10 .\OML/zplm/m/it/10 deEpigraphicDat
abaseHeidelbergTassieGniadyctgniady\OT1/pplx/m/n/10 @\OML/zplm/m/it/10 indiana\
OT1/pplx/m/n/10 .\OML/zplm/m/it/10 eduhttp \OT1/zplm/m/n/10 :
 []


Overfull \hbox (191.72311pt too wide) in paragraph at lines 41--83
\OT1/zplm/m/n/10 //\OML/zplm/m/it/10 scimaps\OT1/pplx/m/n/10 .\OML/zplm/m/it/10
 org\OT1/zplm/m/n/10 /\OML/zplm/m/it/10 IndianaUniversityPaoloLiveranipaolo\OT1
/pplx/m/n/10 .\OML/zplm/m/it/10 liverani\OT1/pplx/m/n/10 @\OML/zplm/m/it/10 uni
fi\OT1/pplx/m/n/10 .\OML/zplm/m/it/10 ithttp \OT1/zplm/m/n/10 :
 []


Overfull \hbox (6.79391pt too wide) in paragraph at lines 41--83
\OT1/zplm/m/n/10 //\OML/zplm/m/it/10 www\OT1/pplx/m/n/10 .\OML/zplm/m/it/10 sag
as\OT1/pplx/m/n/10 .\OML/zplm/m/it/10 unifi\OT1/pplx/m/n/10 .\OML/zplm/m/it/10 
it\OT1/zplm/m/n/10 /\OML/zplm/m/it/10 p \OMS/zplm/m/n/10 ^^@ \OML/zplm/m/it/10 
doc\OT1/pplx/m/n/10 2 \OMS/zplm/m/n/10 ^^@
 []


Overfull \hbox (310.5756pt too wide) in paragraph at lines 41--83
\OT1/pplx/m/n/10 2013 \OMS/zplm/m/n/10 ^^@ \OT1/pplx/m/n/10 200007 \OMS/zplm/m/
n/10 ^^@ \OML/zplm/m/it/10 L \OMS/zplm/m/n/10 ^^@ \OT1/pplx/m/n/10 3\OML/zplm/m
/it/10 f\OT1/pplx/m/n/10 2\OML/zplm/m/it/10 b\OT1/pplx/m/n/10 3429382\OML/zplm/
m/it/10 d\OT1/pplx/m/n/10 2\OML/zplm/m/it/10 d\OT1/pplx/m/n/10 .\OML/zplm/m/it/
10 htmlUniversitdiFirenzeCristinaMarrascristina\OT1/pplx/m/n/10 .\OML/zplm/m/it
/10 marras\OT1/pplx/m/n/10 @\OML/zplm/m/it/10 cnr\OT1/pplx/m/n/10 .\OML/zplm/m/
it/10 ithttp \OT1/zplm/m/n/10 :
 []


Overfull \hbox (210.7432pt too wide) in paragraph at lines 41--83
\OT1/zplm/m/n/10 //\OML/zplm/m/it/10 www\OT1/pplx/m/n/10 .\OML/zplm/m/it/10 ili
esi\OT1/pplx/m/n/10 .\OML/zplm/m/it/10 cnr\OT1/pplx/m/n/10 .\OML/zplm/m/it/10 i
t\OT1/zplm/m/n/10 /\OML/zplm/m/it/10 EN\OT1/zplm/m/n/10 /\OML/zplm/m/it/10 CNRM
arkDepauwmark\OT1/pplx/m/n/10 .\OML/zplm/m/it/10 depauw\OT1/pplx/m/n/10 @\OML/z
plm/m/it/10 arts\OT1/pplx/m/n/10 .\OML/zplm/m/it/10 kuleuven\OT1/pplx/m/n/10 .\
OML/zplm/m/it/10 behttp \OT1/zplm/m/n/10 :
 []


Overfull \hbox (234.35513pt too wide) in paragraph at lines 41--83
\OT1/zplm/m/n/10 //\OML/zplm/m/it/10 www\OT1/pplx/m/n/10 .\OML/zplm/m/it/10 tri
smegistos\OT1/pplx/m/n/10 .\OML/zplm/m/it/10 orgKULeuvenUlrichGehnugehn\OT1/ppl
x/m/n/10 .\OML/zplm/m/it/10 ug\OT1/pplx/m/n/10 @\OML/zplm/m/it/10 gmail\OT1/ppl
x/m/n/10 .\OML/zplm/m/it/10 comOxfordUniversity$ 
 []

[9



]
Overfull \vbox (111.83273pt too high) has occurred while \output is active []


[10

])
Package microtype Info: Character `029' is missing
(microtype)             in font `T1/qpl/m/sc/12'.
(microtype)             Ignoring protrusion settings for this character.
Package microtype Info: Character `029' is missing
(microtype)             in font `T1/qpl/m/sc/14'.
(microtype)             Ignoring protrusion settings for this character.
 [1





] [2] [3

] [4]
<pdfs/EAGLE_2016_submission_36.pdf, id=52, 455.24379pt x 597.50829pt>
File: pdfs/EAGLE_2016_submission_36.pdf Graphic file (type pdf)

<use pdfs/EAGLE_2016_submission_36.pdf>
Package pdftex.def Info: pdfs/EAGLE_2016_submission_36.pdf used on input line 8
5.
(pdftex.def)             Requested size: 455.24268pt x 597.50682pt.
File: pdfs/EAGLE_2016_submission_36.pdf Graphic file (type pdf)

<use pdfs/EAGLE_2016_submission_36.pdf>
Package pdftex.def Info: pdfs/EAGLE_2016_submission_36.pdf used on input line 8
5.
(pdftex.def)             Requested size: 455.24268pt x 597.50682pt.

<pdfs/EAGLE_2016_submission_36.pdf, id=55, page=1, 455.24379pt x 597.50829pt>
File: pdfs/EAGLE_2016_submission_36.pdf Graphic file (type pdf)

<use pdfs/EAGLE_2016_submission_36.pdf, page 1>
Package pdftex.def Info: pdfs/EAGLE_2016_submission_36.pdf, page1 used on input
 line 85.
(pdftex.def)             Requested size: 455.24268pt x 597.50682pt.
File: pdfs/EAGLE_2016_submission_36.pdf Graphic file (type pdf)

<use pdfs/EAGLE_2016_submission_36.pdf, page 1>
Package pdftex.def Info: pdfs/EAGLE_2016_submission_36.pdf, page1 used on input
 line 85.
(pdftex.def)             Requested size: 455.24268pt x 597.50682pt.
File: pdfs/EAGLE_2016_submission_36.pdf Graphic file (type pdf)

<use pdfs/EAGLE_2016_submission_36.pdf, page 1>
Package pdftex.def Info: pdfs/EAGLE_2016_submission_36.pdf, page1 used on input
 line 85.
(pdftex.def)             Requested size: 455.24268pt x 597.50682pt.

<pdfs/EAGLE_2016_submission_36.pdf, id=56, page=2, 455.24379pt x 597.50829pt>
File: pdfs/EAGLE_2016_submission_36.pdf Graphic file (type pdf)

<use pdfs/EAGLE_2016_submission_36.pdf, page 2>
Package pdftex.def Info: pdfs/EAGLE_2016_submission_36.pdf, page2 used on input
 line 85.
(pdftex.def)             Requested size: 455.24268pt x 597.50682pt.
File: pdfs/EAGLE_2016_submission_36.pdf Graphic file (type pdf)

<use pdfs/EAGLE_2016_submission_36.pdf, page 2>
Package pdftex.def Info: pdfs/EAGLE_2016_submission_36.pdf, page2 used on input
 line 85.
(pdftex.def)             Requested size: 455.24268pt x 597.50682pt.
File: pdfs/EAGLE_2016_submission_36.pdf Graphic file (type pdf)

<use pdfs/EAGLE_2016_submission_36.pdf, page 1>
Package pdftex.def Info: pdfs/EAGLE_2016_submission_36.pdf, page1 used on input
 line 85.
(pdftex.def)             Requested size: 455.24268pt x 597.50682pt.
 [5

 <./pdfs/EAGLE_2016_submission_36.pdf>]
<pdfs/EAGLE_2016_submission_36.pdf, id=90, page=3, 455.24379pt x 597.50829pt>
File: pdfs/EAGLE_2016_submission_36.pdf Graphic file (type pdf)

<use pdfs/EAGLE_2016_submission_36.pdf, page 3>
Package pdftex.def Info: pdfs/EAGLE_2016_submission_36.pdf, page3 used on input
 line 85.
(pdftex.def)             Requested size: 455.24268pt x 597.50682pt.
File: pdfs/EAGLE_2016_submission_36.pdf Graphic file (type pdf)

<use pdfs/EAGLE_2016_submission_36.pdf, page 3>
Package pdftex.def Info: pdfs/EAGLE_2016_submission_36.pdf, page3 used on input
 line 85.
(pdftex.def)             Requested size: 455.24268pt x 597.50682pt.
File: pdfs/EAGLE_2016_submission_36.pdf Graphic file (type pdf)

<use pdfs/EAGLE_2016_submission_36.pdf, page 2>
Package pdftex.def Info: pdfs/EAGLE_2016_submission_36.pdf, page2 used on input
 line 85.
(pdftex.def)             Requested size: 455.24268pt x 597.50682pt.
 [6 <./pdfs/EAGLE_2016_submission_36.pdf>]
<pdfs/EAGLE_2016_submission_36.pdf, id=94, page=4, 455.24379pt x 597.50829pt>
File: pdfs/EAGLE_2016_submission_36.pdf Graphic file (type pdf)

<use pdfs/EAGLE_2016_submission_36.pdf, page 4>
Package pdftex.def Info: pdfs/EAGLE_2016_submission_36.pdf, page4 used on input
 line 85.
(pdftex.def)             Requested size: 455.24268pt x 597.50682pt.
File: pdfs/EAGLE_2016_submission_36.pdf Graphic file (type pdf)

<use pdfs/EAGLE_2016_submission_36.pdf, page 4>
Package pdftex.def Info: pdfs/EAGLE_2016_submission_36.pdf, page4 used on input
 line 85.
(pdftex.def)             Requested size: 455.24268pt x 597.50682pt.
File: pdfs/EAGLE_2016_submission_36.pdf Graphic file (type pdf)

<use pdfs/EAGLE_2016_submission_36.pdf, page 3>
Package pdftex.def Info: pdfs/EAGLE_2016_submission_36.pdf, page3 used on input
 line 85.
(pdftex.def)             Requested size: 455.24268pt x 597.50682pt.
 [7 <./pdfs/EAGLE_2016_submission_36.pdf>]
<pdfs/EAGLE_2016_submission_36.pdf, id=103, page=5, 455.24379pt x 597.50829pt>
File: pdfs/EAGLE_2016_submission_36.pdf Graphic file (type pdf)

<use pdfs/EAGLE_2016_submission_36.pdf, page 5>
Package pdftex.def Info: pdfs/EAGLE_2016_submission_36.pdf, page5 used on input
 line 85.
(pdftex.def)             Requested size: 455.24268pt x 597.50682pt.
File: pdfs/EAGLE_2016_submission_36.pdf Graphic file (type pdf)

<use pdfs/EAGLE_2016_submission_36.pdf, page 5>
Package pdftex.def Info: pdfs/EAGLE_2016_submission_36.pdf, page5 used on input
 line 85.
(pdftex.def)             Requested size: 455.24268pt x 597.50682pt.
File: pdfs/EAGLE_2016_submission_36.pdf Graphic file (type pdf)

<use pdfs/EAGLE_2016_submission_36.pdf, page 4>
Package pdftex.def Info: pdfs/EAGLE_2016_submission_36.pdf, page4 used on input
 line 85.
(pdftex.def)             Requested size: 455.24268pt x 597.50682pt.
 [8 <./pdfs/EAGLE_2016_submission_36.pdf>]
<pdfs/EAGLE_2016_submission_36.pdf, id=107, page=6, 455.24379pt x 597.50829pt>
File: pdfs/EAGLE_2016_submission_36.pdf Graphic file (type pdf)

<use pdfs/EAGLE_2016_submission_36.pdf, page 6>
Package pdftex.def Info: pdfs/EAGLE_2016_submission_36.pdf, page6 used on input
 line 85.
(pdftex.def)             Requested size: 455.24268pt x 597.50682pt.
File: pdfs/EAGLE_2016_submission_36.pdf Graphic file (type pdf)

<use pdfs/EAGLE_2016_submission_36.pdf, page 6>
Package pdftex.def Info: pdfs/EAGLE_2016_submission_36.pdf, page6 used on input
 line 85.
(pdftex.def)             Requested size: 455.24268pt x 597.50682pt.
File: pdfs/EAGLE_2016_submission_36.pdf Graphic file (type pdf)

<use pdfs/EAGLE_2016_submission_36.pdf, page 5>
Package pdftex.def Info: pdfs/EAGLE_2016_submission_36.pdf, page5 used on input
 line 85.
(pdftex.def)             Requested size: 455.24268pt x 597.50682pt.
 [9 <./pdfs/EAGLE_2016_submission_36.pdf>]
<pdfs/EAGLE_2016_submission_36.pdf, id=112, page=7, 455.24379pt x 597.50829pt>
File: pdfs/EAGLE_2016_submission_36.pdf Graphic file (type pdf)

<use pdfs/EAGLE_2016_submission_36.pdf, page 7>
Package pdftex.def Info: pdfs/EAGLE_2016_submission_36.pdf, page7 used on input
 line 85.
(pdftex.def)             Requested size: 455.24268pt x 597.50682pt.
File: pdfs/EAGLE_2016_submission_36.pdf Graphic file (type pdf)

<use pdfs/EAGLE_2016_submission_36.pdf, page 7>
Package pdftex.def Info: pdfs/EAGLE_2016_submission_36.pdf, page7 used on input
 line 85.
(pdftex.def)             Requested size: 455.24268pt x 597.50682pt.
File: pdfs/EAGLE_2016_submission_36.pdf Graphic file (type pdf)

<use pdfs/EAGLE_2016_submission_36.pdf, page 6>
Package pdftex.def Info: pdfs/EAGLE_2016_submission_36.pdf, page6 used on input
 line 85.
(pdftex.def)             Requested size: 455.24268pt x 597.50682pt.
 [10 <./pdfs/EAGLE_2016_submission_36.pdf>]
<pdfs/EAGLE_2016_submission_36.pdf, id=116, page=8, 455.24379pt x 597.50829pt>
File: pdfs/EAGLE_2016_submission_36.pdf Graphic file (type pdf)

<use pdfs/EAGLE_2016_submission_36.pdf, page 8>
Package pdftex.def Info: pdfs/EAGLE_2016_submission_36.pdf, page8 used on input
 line 85.
(pdftex.def)             Requested size: 455.24268pt x 597.50682pt.
File: pdfs/EAGLE_2016_submission_36.pdf Graphic file (type pdf)

<use pdfs/EAGLE_2016_submission_36.pdf, page 8>
Package pdftex.def Info: pdfs/EAGLE_2016_submission_36.pdf, page8 used on input
 line 85.
(pdftex.def)             Requested size: 455.24268pt x 597.50682pt.
File: pdfs/EAGLE_2016_submission_36.pdf Graphic file (type pdf)

<use pdfs/EAGLE_2016_submission_36.pdf, page 7>
Package pdftex.def Info: pdfs/EAGLE_2016_submission_36.pdf, page7 used on input
 line 85.
(pdftex.def)             Requested size: 455.24268pt x 597.50682pt.
 [11 <./pdfs/EAGLE_2016_submission_36.pdf>]
<pdfs/EAGLE_2016_submission_36.pdf, id=121, page=9, 455.24379pt x 597.50829pt>
File: pdfs/EAGLE_2016_submission_36.pdf Graphic file (type pdf)

<use pdfs/EAGLE_2016_submission_36.pdf, page 9>
Package pdftex.def Info: pdfs/EAGLE_2016_submission_36.pdf, page9 used on input
 line 85.
(pdftex.def)             Requested size: 455.24268pt x 597.50682pt.
File: pdfs/EAGLE_2016_submission_36.pdf Graphic file (type pdf)

<use pdfs/EAGLE_2016_submission_36.pdf, page 9>
Package pdftex.def Info: pdfs/EAGLE_2016_submission_36.pdf, page9 used on input
 line 85.
(pdftex.def)             Requested size: 455.24268pt x 597.50682pt.
File: pdfs/EAGLE_2016_submission_36.pdf Graphic file (type pdf)

<use pdfs/EAGLE_2016_submission_36.pdf, page 8>
Package pdftex.def Info: pdfs/EAGLE_2016_submission_36.pdf, page8 used on input
 line 85.
(pdftex.def)             Requested size: 455.24268pt x 597.50682pt.
 [12 <./pdfs/EAGLE_2016_submission_36.pdf>]
<pdfs/EAGLE_2016_submission_36.pdf, id=128, page=10, 455.24379pt x 597.50829pt>
File: pdfs/EAGLE_2016_submission_36.pdf Graphic file (type pdf)
<use pdfs/EAGLE_2016_submission_36.pdf, page 10>
Package pdftex.def Info: pdfs/EAGLE_2016_submission_36.pdf, page10 used on inpu
t line 85.
(pdftex.def)             Requested size: 455.24268pt x 597.50682pt.
File: pdfs/EAGLE_2016_submission_36.pdf Graphic file (type pdf)

<use pdfs/EAGLE_2016_submission_36.pdf, page 10>
Package pdftex.def Info: pdfs/EAGLE_2016_submission_36.pdf, page10 used on inpu
t line 85.
(pdftex.def)             Requested size: 455.24268pt x 597.50682pt.
File: pdfs/EAGLE_2016_submission_36.pdf Graphic file (type pdf)

<use pdfs/EAGLE_2016_submission_36.pdf, page 9>
Package pdftex.def Info: pdfs/EAGLE_2016_submission_36.pdf, page9 used on input
 line 85.
(pdftex.def)             Requested size: 455.24268pt x 597.50682pt.
 [13 <./pdfs/EAGLE_2016_submission_36.pdf>]
<pdfs/EAGLE_2016_submission_36.pdf, id=135, page=11, 455.24379pt x 597.50829pt>
File: pdfs/EAGLE_2016_submission_36.pdf Graphic file (type pdf)
<use pdfs/EAGLE_2016_submission_36.pdf, page 11>
Package pdftex.def Info: pdfs/EAGLE_2016_submission_36.pdf, page11 used on inpu
t line 85.
(pdftex.def)             Requested size: 455.24268pt x 597.50682pt.
File: pdfs/EAGLE_2016_submission_36.pdf Graphic file (type pdf)

<use pdfs/EAGLE_2016_submission_36.pdf, page 11>
Package pdftex.def Info: pdfs/EAGLE_2016_submission_36.pdf, page11 used on inpu
t line 85.
(pdftex.def)             Requested size: 455.24268pt x 597.50682pt.
File: pdfs/EAGLE_2016_submission_36.pdf Graphic file (type pdf)

<use pdfs/EAGLE_2016_submission_36.pdf, page 10>
Package pdftex.def Info: pdfs/EAGLE_2016_submission_36.pdf, page10 used on inpu
t line 85.
(pdftex.def)             Requested size: 455.24268pt x 597.50682pt.
 [14 <./pdfs/EAGLE_2016_submission_36.pdf>]
<pdfs/EAGLE_2016_submission_36.pdf, id=145, page=12, 455.24379pt x 597.50829pt>
File: pdfs/EAGLE_2016_submission_36.pdf Graphic file (type pdf)
<use pdfs/EAGLE_2016_submission_36.pdf, page 12>
Package pdftex.def Info: pdfs/EAGLE_2016_submission_36.pdf, page12 used on inpu
t line 85.
(pdftex.def)             Requested size: 455.24268pt x 597.50682pt.
File: pdfs/EAGLE_2016_submission_36.pdf Graphic file (type pdf)

<use pdfs/EAGLE_2016_submission_36.pdf, page 12>
Package pdftex.def Info: pdfs/EAGLE_2016_submission_36.pdf, page12 used on inpu
t line 85.
(pdftex.def)             Requested size: 455.24268pt x 597.50682pt.
File: pdfs/EAGLE_2016_submission_36.pdf Graphic file (type pdf)

<use pdfs/EAGLE_2016_submission_36.pdf, page 11>
Package pdftex.def Info: pdfs/EAGLE_2016_submission_36.pdf, page11 used on inpu
t line 85.
(pdftex.def)             Requested size: 455.24268pt x 597.50682pt.
 [15 <./pdfs/EAGLE_2016_submission_36.pdf>]
<pdfs/EAGLE_2016_submission_36.pdf, id=149, page=13, 455.24379pt x 597.50829pt>
File: pdfs/EAGLE_2016_submission_36.pdf Graphic file (type pdf)
<use pdfs/EAGLE_2016_submission_36.pdf, page 13>
Package pdftex.def Info: pdfs/EAGLE_2016_submission_36.pdf, page13 used on inpu
t line 85.
(pdftex.def)             Requested size: 455.24268pt x 597.50682pt.
File: pdfs/EAGLE_2016_submission_36.pdf Graphic file (type pdf)

<use pdfs/EAGLE_2016_submission_36.pdf, page 13>
Package pdftex.def Info: pdfs/EAGLE_2016_submission_36.pdf, page13 used on inpu
t line 85.
(pdftex.def)             Requested size: 455.24268pt x 597.50682pt.
File: pdfs/EAGLE_2016_submission_36.pdf Graphic file (type pdf)

<use pdfs/EAGLE_2016_submission_36.pdf, page 12>
Package pdftex.def Info: pdfs/EAGLE_2016_submission_36.pdf, page12 used on inpu
t line 85.
(pdftex.def)             Requested size: 455.24268pt x 597.50682pt.
 [16 <./pdfs/EAGLE_2016_submission_36.pdf>]
<pdfs/EAGLE_2016_submission_36.pdf, id=153, page=14, 455.24379pt x 597.50829pt>
File: pdfs/EAGLE_2016_submission_36.pdf Graphic file (type pdf)
<use pdfs/EAGLE_2016_submission_36.pdf, page 14>
Package pdftex.def Info: pdfs/EAGLE_2016_submission_36.pdf, page14 used on inpu
t line 85.
(pdftex.def)             Requested size: 455.24268pt x 597.50682pt.
File: pdfs/EAGLE_2016_submission_36.pdf Graphic file (type pdf)

<use pdfs/EAGLE_2016_submission_36.pdf, page 14>
Package pdftex.def Info: pdfs/EAGLE_2016_submission_36.pdf, page14 used on inpu
t line 85.
(pdftex.def)             Requested size: 455.24268pt x 597.50682pt.
File: pdfs/EAGLE_2016_submission_36.pdf Graphic file (type pdf)

<use pdfs/EAGLE_2016_submission_36.pdf, page 13>
Package pdftex.def Info: pdfs/EAGLE_2016_submission_36.pdf, page13 used on inpu
t line 85.
(pdftex.def)             Requested size: 455.24268pt x 597.50682pt.
 [17 <./pdfs/EAGLE_2016_submission_36.pdf>]
File: pdfs/EAGLE_2016_submission_36.pdf Graphic file (type pdf)
 <use pdfs/EAGLE_2016_submission_36.pdf, page 14>
Package pdftex.def Info: pdfs/EAGLE_2016_submission_36.pdf, page14 used on inpu
t line 85.
(pdftex.def)             Requested size: 455.24268pt x 597.50682pt.
 [18 <./pdfs/EAGLE_2016_submission_36.pdf>]
<pdfs/EAGLE_2016_submission_33.pdf, id=161, 455.24379pt x 597.50829pt>
File: pdfs/EAGLE_2016_submission_33.pdf Graphic file (type pdf)

<use pdfs/EAGLE_2016_submission_33.pdf>
Package pdftex.def Info: pdfs/EAGLE_2016_submission_33.pdf used on input line 1
08.
(pdftex.def)             Requested size: 455.24268pt x 597.50682pt.
File: pdfs/EAGLE_2016_submission_33.pdf Graphic file (type pdf)

<use pdfs/EAGLE_2016_submission_33.pdf>
Package pdftex.def Info: pdfs/EAGLE_2016_submission_33.pdf used on input line 1
08.
(pdftex.def)             Requested size: 455.24268pt x 597.50682pt.

<pdfs/EAGLE_2016_submission_33.pdf, id=164, page=1, 455.24379pt x 597.50829pt>
File: pdfs/EAGLE_2016_submission_33.pdf Graphic file (type pdf)

<use pdfs/EAGLE_2016_submission_33.pdf, page 1>
Package pdftex.def Info: pdfs/EAGLE_2016_submission_33.pdf, page1 used on input
 line 108.
(pdftex.def)             Requested size: 455.24268pt x 597.50682pt.
File: pdfs/EAGLE_2016_submission_33.pdf Graphic file (type pdf)

<use pdfs/EAGLE_2016_submission_33.pdf, page 1>
Package pdftex.def Info: pdfs/EAGLE_2016_submission_33.pdf, page1 used on input
 line 108.
(pdftex.def)             Requested size: 455.24268pt x 597.50682pt.
File: pdfs/EAGLE_2016_submission_33.pdf Graphic file (type pdf)

<use pdfs/EAGLE_2016_submission_33.pdf, page 1>
Package pdftex.def Info: pdfs/EAGLE_2016_submission_33.pdf, page1 used on input
 line 108.
(pdftex.def)             Requested size: 455.24268pt x 597.50682pt.

<pdfs/EAGLE_2016_submission_33.pdf, id=165, page=2, 455.24379pt x 597.50829pt>
File: pdfs/EAGLE_2016_submission_33.pdf Graphic file (type pdf)

<use pdfs/EAGLE_2016_submission_33.pdf, page 2>
Package pdftex.def Info: pdfs/EAGLE_2016_submission_33.pdf, page2 used on input
 line 108.
(pdftex.def)             Requested size: 455.24268pt x 597.50682pt.
File: pdfs/EAGLE_2016_submission_33.pdf Graphic file (type pdf)

<use pdfs/EAGLE_2016_submission_33.pdf, page 2>
Package pdftex.def Info: pdfs/EAGLE_2016_submission_33.pdf, page2 used on input
 line 108.
(pdftex.def)             Requested size: 455.24268pt x 597.50682pt.
File: pdfs/EAGLE_2016_submission_33.pdf Graphic file (type pdf)

<use pdfs/EAGLE_2016_submission_33.pdf, page 1>
Package pdftex.def Info: pdfs/EAGLE_2016_submission_33.pdf, page1 used on input
 line 108.
(pdftex.def)             Requested size: 455.24268pt x 597.50682pt.
 [19

 <./pdfs/EAGLE_2016_submission_33.pdf>]
<pdfs/EAGLE_2016_submission_33.pdf, id=189, page=3, 455.24379pt x 597.50829pt>
File: pdfs/EAGLE_2016_submission_33.pdf Graphic file (type pdf)

<use pdfs/EAGLE_2016_submission_33.pdf, page 3>
Package pdftex.def Info: pdfs/EAGLE_2016_submission_33.pdf, page3 used on input
 line 108.
(pdftex.def)             Requested size: 455.24268pt x 597.50682pt.
File: pdfs/EAGLE_2016_submission_33.pdf Graphic file (type pdf)

<use pdfs/EAGLE_2016_submission_33.pdf, page 3>
Package pdftex.def Info: pdfs/EAGLE_2016_submission_33.pdf, page3 used on input
 line 108.
(pdftex.def)             Requested size: 455.24268pt x 597.50682pt.
File: pdfs/EAGLE_2016_submission_33.pdf Graphic file (type pdf)

<use pdfs/EAGLE_2016_submission_33.pdf, page 2>
Package pdftex.def Info: pdfs/EAGLE_2016_submission_33.pdf, page2 used on input
 line 108.
(pdftex.def)             Requested size: 455.24268pt x 597.50682pt.
 [20 <./pdfs/EAGLE_2016_submission_33.pdf>]
<pdfs/EAGLE_2016_submission_33.pdf, id=193, page=4, 455.24379pt x 597.50829pt>
File: pdfs/EAGLE_2016_submission_33.pdf Graphic file (type pdf)

<use pdfs/EAGLE_2016_submission_33.pdf, page 4>
Package pdftex.def Info: pdfs/EAGLE_2016_submission_33.pdf, page4 used on input
 line 108.
(pdftex.def)             Requested size: 455.24268pt x 597.50682pt.
File: pdfs/EAGLE_2016_submission_33.pdf Graphic file (type pdf)

<use pdfs/EAGLE_2016_submission_33.pdf, page 4>
Package pdftex.def Info: pdfs/EAGLE_2016_submission_33.pdf, page4 used on input
 line 108.
(pdftex.def)             Requested size: 455.24268pt x 597.50682pt.
File: pdfs/EAGLE_2016_submission_33.pdf Graphic file (type pdf)

<use pdfs/EAGLE_2016_submission_33.pdf, page 3>
Package pdftex.def Info: pdfs/EAGLE_2016_submission_33.pdf, page3 used on input
 line 108.
(pdftex.def)             Requested size: 455.24268pt x 597.50682pt.
 [21 <./pdfs/EAGLE_2016_submission_33.pdf>]
<pdfs/EAGLE_2016_submission_33.pdf, id=197, page=5, 455.24379pt x 597.50829pt>
File: pdfs/EAGLE_2016_submission_33.pdf Graphic file (type pdf)

<use pdfs/EAGLE_2016_submission_33.pdf, page 5>
Package pdftex.def Info: pdfs/EAGLE_2016_submission_33.pdf, page5 used on input
 line 108.
(pdftex.def)             Requested size: 455.24268pt x 597.50682pt.
File: pdfs/EAGLE_2016_submission_33.pdf Graphic file (type pdf)

<use pdfs/EAGLE_2016_submission_33.pdf, page 5>
Package pdftex.def Info: pdfs/EAGLE_2016_submission_33.pdf, page5 used on input
 line 108.
(pdftex.def)             Requested size: 455.24268pt x 597.50682pt.
File: pdfs/EAGLE_2016_submission_33.pdf Graphic file (type pdf)

<use pdfs/EAGLE_2016_submission_33.pdf, page 4>
Package pdftex.def Info: pdfs/EAGLE_2016_submission_33.pdf, page4 used on input
 line 108.
(pdftex.def)             Requested size: 455.24268pt x 597.50682pt.
 [22 <./pdfs/EAGLE_2016_submission_33.pdf>]
<pdfs/EAGLE_2016_submission_33.pdf, id=201, page=6, 455.24379pt x 597.50829pt>
File: pdfs/EAGLE_2016_submission_33.pdf Graphic file (type pdf)

<use pdfs/EAGLE_2016_submission_33.pdf, page 6>
Package pdftex.def Info: pdfs/EAGLE_2016_submission_33.pdf, page6 used on input
 line 108.
(pdftex.def)             Requested size: 455.24268pt x 597.50682pt.
File: pdfs/EAGLE_2016_submission_33.pdf Graphic file (type pdf)

<use pdfs/EAGLE_2016_submission_33.pdf, page 6>
Package pdftex.def Info: pdfs/EAGLE_2016_submission_33.pdf, page6 used on input
 line 108.
(pdftex.def)             Requested size: 455.24268pt x 597.50682pt.
File: pdfs/EAGLE_2016_submission_33.pdf Graphic file (type pdf)

<use pdfs/EAGLE_2016_submission_33.pdf, page 5>
Package pdftex.def Info: pdfs/EAGLE_2016_submission_33.pdf, page5 used on input
 line 108.
(pdftex.def)             Requested size: 455.24268pt x 597.50682pt.
 [23 <./pdfs/EAGLE_2016_submission_33.pdf>]
<pdfs/EAGLE_2016_submission_33.pdf, id=209, page=7, 455.24379pt x 597.50829pt>
File: pdfs/EAGLE_2016_submission_33.pdf Graphic file (type pdf)

<use pdfs/EAGLE_2016_submission_33.pdf, page 7>
Package pdftex.def Info: pdfs/EAGLE_2016_submission_33.pdf, page7 used on input
 line 108.
(pdftex.def)             Requested size: 455.24268pt x 597.50682pt.
File: pdfs/EAGLE_2016_submission_33.pdf Graphic file (type pdf)

<use pdfs/EAGLE_2016_submission_33.pdf, page 7>
Package pdftex.def Info: pdfs/EAGLE_2016_submission_33.pdf, page7 used on input
 line 108.
(pdftex.def)             Requested size: 455.24268pt x 597.50682pt.
File: pdfs/EAGLE_2016_submission_33.pdf Graphic file (type pdf)

<use pdfs/EAGLE_2016_submission_33.pdf, page 6>
Package pdftex.def Info: pdfs/EAGLE_2016_submission_33.pdf, page6 used on input
 line 108.
(pdftex.def)             Requested size: 455.24268pt x 597.50682pt.
 [24 <./pdfs/EAGLE_2016_submission_33.pdf>]
<pdfs/EAGLE_2016_submission_33.pdf, id=213, page=8, 455.24379pt x 597.50829pt>
File: pdfs/EAGLE_2016_submission_33.pdf Graphic file (type pdf)

<use pdfs/EAGLE_2016_submission_33.pdf, page 8>
Package pdftex.def Info: pdfs/EAGLE_2016_submission_33.pdf, page8 used on input
 line 108.
(pdftex.def)             Requested size: 455.24268pt x 597.50682pt.
File: pdfs/EAGLE_2016_submission_33.pdf Graphic file (type pdf)

<use pdfs/EAGLE_2016_submission_33.pdf, page 8>
Package pdftex.def Info: pdfs/EAGLE_2016_submission_33.pdf, page8 used on input
 line 108.
(pdftex.def)             Requested size: 455.24268pt x 597.50682pt.
File: pdfs/EAGLE_2016_submission_33.pdf Graphic file (type pdf)

<use pdfs/EAGLE_2016_submission_33.pdf, page 7>
Package pdftex.def Info: pdfs/EAGLE_2016_submission_33.pdf, page7 used on input
 line 108.
(pdftex.def)             Requested size: 455.24268pt x 597.50682pt.
 [25 <./pdfs/EAGLE_2016_submission_33.pdf>]
<pdfs/EAGLE_2016_submission_33.pdf, id=217, page=9, 455.24379pt x 597.50829pt>
File: pdfs/EAGLE_2016_submission_33.pdf Graphic file (type pdf)

<use pdfs/EAGLE_2016_submission_33.pdf, page 9>
Package pdftex.def Info: pdfs/EAGLE_2016_submission_33.pdf, page9 used on input
 line 108.
(pdftex.def)             Requested size: 455.24268pt x 597.50682pt.
File: pdfs/EAGLE_2016_submission_33.pdf Graphic file (type pdf)

<use pdfs/EAGLE_2016_submission_33.pdf, page 9>
Package pdftex.def Info: pdfs/EAGLE_2016_submission_33.pdf, page9 used on input
 line 108.
(pdftex.def)             Requested size: 455.24268pt x 597.50682pt.
File: pdfs/EAGLE_2016_submission_33.pdf Graphic file (type pdf)

<use pdfs/EAGLE_2016_submission_33.pdf, page 8>
Package pdftex.def Info: pdfs/EAGLE_2016_submission_33.pdf, page8 used on input
 line 108.
(pdftex.def)             Requested size: 455.24268pt x 597.50682pt.
 [26 <./pdfs/EAGLE_2016_submission_33.pdf>]
<pdfs/EAGLE_2016_submission_33.pdf, id=221, page=10, 455.24379pt x 597.50829pt>
File: pdfs/EAGLE_2016_submission_33.pdf Graphic file (type pdf)
<use pdfs/EAGLE_2016_submission_33.pdf, page 10>
Package pdftex.def Info: pdfs/EAGLE_2016_submission_33.pdf, page10 used on inpu
t line 108.
(pdftex.def)             Requested size: 455.24268pt x 597.50682pt.
File: pdfs/EAGLE_2016_submission_33.pdf Graphic file (type pdf)

<use pdfs/EAGLE_2016_submission_33.pdf, page 10>
Package pdftex.def Info: pdfs/EAGLE_2016_submission_33.pdf, page10 used on inpu
t line 108.
(pdftex.def)             Requested size: 455.24268pt x 597.50682pt.
File: pdfs/EAGLE_2016_submission_33.pdf Graphic file (type pdf)

<use pdfs/EAGLE_2016_submission_33.pdf, page 9>
Package pdftex.def Info: pdfs/EAGLE_2016_submission_33.pdf, page9 used on input
 line 108.
(pdftex.def)             Requested size: 455.24268pt x 597.50682pt.
 [27 <./pdfs/EAGLE_2016_submission_33.pdf>]
<pdfs/EAGLE_2016_submission_33.pdf, id=225, page=11, 455.24379pt x 597.50829pt>
File: pdfs/EAGLE_2016_submission_33.pdf Graphic file (type pdf)
<use pdfs/EAGLE_2016_submission_33.pdf, page 11>
Package pdftex.def Info: pdfs/EAGLE_2016_submission_33.pdf, page11 used on inpu
t line 108.
(pdftex.def)             Requested size: 455.24268pt x 597.50682pt.
File: pdfs/EAGLE_2016_submission_33.pdf Graphic file (type pdf)

<use pdfs/EAGLE_2016_submission_33.pdf, page 11>
Package pdftex.def Info: pdfs/EAGLE_2016_submission_33.pdf, page11 used on inpu
t line 108.
(pdftex.def)             Requested size: 455.24268pt x 597.50682pt.
File: pdfs/EAGLE_2016_submission_33.pdf Graphic file (type pdf)

<use pdfs/EAGLE_2016_submission_33.pdf, page 10>
Package pdftex.def Info: pdfs/EAGLE_2016_submission_33.pdf, page10 used on inpu
t line 108.
(pdftex.def)             Requested size: 455.24268pt x 597.50682pt.
 [28 <./pdfs/EAGLE_2016_submission_33.pdf>]
File: pdfs/EAGLE_2016_submission_33.pdf Graphic file (type pdf)
 <use pdfs/EAGLE_2016_submission_33.pdf, page 11>
Package pdftex.def Info: pdfs/EAGLE_2016_submission_33.pdf, page11 used on inpu
t line 108.
(pdftex.def)             Requested size: 455.24268pt x 597.50682pt.
 [29 <./pdfs/EAGLE_2016_submission_33.pdf>] [30

] [31] [32] [33

] [34]
<pdfs/EAGLE_2016_submission_3n.pdf, id=251, 455.24379pt x 597.50829pt>
File: pdfs/EAGLE_2016_submission_3n.pdf Graphic file (type pdf)

<use pdfs/EAGLE_2016_submission_3n.pdf>
Package pdftex.def Info: pdfs/EAGLE_2016_submission_3n.pdf used on input line 1
60.
(pdftex.def)             Requested size: 455.24268pt x 597.50682pt.
File: pdfs/EAGLE_2016_submission_3n.pdf Graphic file (type pdf)

<use pdfs/EAGLE_2016_submission_3n.pdf>
Package pdftex.def Info: pdfs/EAGLE_2016_submission_3n.pdf used on input line 1
60.
(pdftex.def)             Requested size: 455.24268pt x 597.50682pt.

<pdfs/EAGLE_2016_submission_3n.pdf, id=254, page=1, 455.24379pt x 597.50829pt>
File: pdfs/EAGLE_2016_submission_3n.pdf Graphic file (type pdf)

<use pdfs/EAGLE_2016_submission_3n.pdf, page 1>
Package pdftex.def Info: pdfs/EAGLE_2016_submission_3n.pdf, page1 used on input
 line 160.
(pdftex.def)             Requested size: 455.24268pt x 597.50682pt.
File: pdfs/EAGLE_2016_submission_3n.pdf Graphic file (type pdf)

<use pdfs/EAGLE_2016_submission_3n.pdf, page 1>
Package pdftex.def Info: pdfs/EAGLE_2016_submission_3n.pdf, page1 used on input
 line 160.
(pdftex.def)             Requested size: 455.24268pt x 597.50682pt.
File: pdfs/EAGLE_2016_submission_3n.pdf Graphic file (type pdf)

<use pdfs/EAGLE_2016_submission_3n.pdf, page 1>
Package pdftex.def Info: pdfs/EAGLE_2016_submission_3n.pdf, page1 used on input
 line 160.
(pdftex.def)             Requested size: 455.24268pt x 597.50682pt.

<pdfs/EAGLE_2016_submission_3n.pdf, id=255, page=2, 455.24379pt x 597.50829pt>
File: pdfs/EAGLE_2016_submission_3n.pdf Graphic file (type pdf)

<use pdfs/EAGLE_2016_submission_3n.pdf, page 2>
Package pdftex.def Info: pdfs/EAGLE_2016_submission_3n.pdf, page2 used on input
 line 160.
(pdftex.def)             Requested size: 455.24268pt x 597.50682pt.
File: pdfs/EAGLE_2016_submission_3n.pdf Graphic file (type pdf)

<use pdfs/EAGLE_2016_submission_3n.pdf, page 2>
Package pdftex.def Info: pdfs/EAGLE_2016_submission_3n.pdf, page2 used on input
 line 160.
(pdftex.def)             Requested size: 455.24268pt x 597.50682pt.
File: pdfs/EAGLE_2016_submission_3n.pdf Graphic file (type pdf)

<use pdfs/EAGLE_2016_submission_3n.pdf, page 1>
Package pdftex.def Info: pdfs/EAGLE_2016_submission_3n.pdf, page1 used on input
 line 160.
(pdftex.def)             Requested size: 455.24268pt x 597.50682pt.
 [35

 <./pdfs/EAGLE_2016_submission_3n.pdf>]
<pdfs/EAGLE_2016_submission_3n.pdf, id=276, page=3, 455.24379pt x 597.50829pt>
File: pdfs/EAGLE_2016_submission_3n.pdf Graphic file (type pdf)

<use pdfs/EAGLE_2016_submission_3n.pdf, page 3>
Package pdftex.def Info: pdfs/EAGLE_2016_submission_3n.pdf, page3 used on input
 line 160.
(pdftex.def)             Requested size: 455.24268pt x 597.50682pt.
File: pdfs/EAGLE_2016_submission_3n.pdf Graphic file (type pdf)

<use pdfs/EAGLE_2016_submission_3n.pdf, page 3>
Package pdftex.def Info: pdfs/EAGLE_2016_submission_3n.pdf, page3 used on input
 line 160.
(pdftex.def)             Requested size: 455.24268pt x 597.50682pt.
File: pdfs/EAGLE_2016_submission_3n.pdf Graphic file (type pdf)

<use pdfs/EAGLE_2016_submission_3n.pdf, page 2>
Package pdftex.def Info: pdfs/EAGLE_2016_submission_3n.pdf, page2 used on input
 line 160.
(pdftex.def)             Requested size: 455.24268pt x 597.50682pt.
 [36 <./pdfs/EAGLE_2016_submission_3n.pdf>]
<pdfs/EAGLE_2016_submission_3n.pdf, id=283, page=4, 455.24379pt x 597.50829pt>
File: pdfs/EAGLE_2016_submission_3n.pdf Graphic file (type pdf)

<use pdfs/EAGLE_2016_submission_3n.pdf, page 4>
Package pdftex.def Info: pdfs/EAGLE_2016_submission_3n.pdf, page4 used on input
 line 160.
(pdftex.def)             Requested size: 455.24268pt x 597.50682pt.
File: pdfs/EAGLE_2016_submission_3n.pdf Graphic file (type pdf)

<use pdfs/EAGLE_2016_submission_3n.pdf, page 4>
Package pdftex.def Info: pdfs/EAGLE_2016_submission_3n.pdf, page4 used on input
 line 160.
(pdftex.def)             Requested size: 455.24268pt x 597.50682pt.
File: pdfs/EAGLE_2016_submission_3n.pdf Graphic file (type pdf)

<use pdfs/EAGLE_2016_submission_3n.pdf, page 3>
Package pdftex.def Info: pdfs/EAGLE_2016_submission_3n.pdf, page3 used on input
 line 160.
(pdftex.def)             Requested size: 455.24268pt x 597.50682pt.
 [37 <./pdfs/EAGLE_2016_submission_3n.pdf>]
<pdfs/EAGLE_2016_submission_3n.pdf, id=290, page=5, 455.24379pt x 597.50829pt>
File: pdfs/EAGLE_2016_submission_3n.pdf Graphic file (type pdf)

<use pdfs/EAGLE_2016_submission_3n.pdf, page 5>
Package pdftex.def Info: pdfs/EAGLE_2016_submission_3n.pdf, page5 used on input
 line 160.
(pdftex.def)             Requested size: 455.24268pt x 597.50682pt.
File: pdfs/EAGLE_2016_submission_3n.pdf Graphic file (type pdf)

<use pdfs/EAGLE_2016_submission_3n.pdf, page 5>
Package pdftex.def Info: pdfs/EAGLE_2016_submission_3n.pdf, page5 used on input
 line 160.
(pdftex.def)             Requested size: 455.24268pt x 597.50682pt.
File: pdfs/EAGLE_2016_submission_3n.pdf Graphic file (type pdf)

<use pdfs/EAGLE_2016_submission_3n.pdf, page 4>
Package pdftex.def Info: pdfs/EAGLE_2016_submission_3n.pdf, page4 used on input
 line 160.
(pdftex.def)             Requested size: 455.24268pt x 597.50682pt.
 [38 <./pdfs/EAGLE_2016_submission_3n.pdf>]
<pdfs/EAGLE_2016_submission_3n.pdf, id=294, page=6, 455.24379pt x 597.50829pt>
File: pdfs/EAGLE_2016_submission_3n.pdf Graphic file (type pdf)

<use pdfs/EAGLE_2016_submission_3n.pdf, page 6>
Package pdftex.def Info: pdfs/EAGLE_2016_submission_3n.pdf, page6 used on input
 line 160.
(pdftex.def)             Requested size: 455.24268pt x 597.50682pt.
File: pdfs/EAGLE_2016_submission_3n.pdf Graphic file (type pdf)

<use pdfs/EAGLE_2016_submission_3n.pdf, page 6>
Package pdftex.def Info: pdfs/EAGLE_2016_submission_3n.pdf, page6 used on input
 line 160.
(pdftex.def)             Requested size: 455.24268pt x 597.50682pt.
File: pdfs/EAGLE_2016_submission_3n.pdf Graphic file (type pdf)

<use pdfs/EAGLE_2016_submission_3n.pdf, page 5>
Package pdftex.def Info: pdfs/EAGLE_2016_submission_3n.pdf, page5 used on input
 line 160.
(pdftex.def)             Requested size: 455.24268pt x 597.50682pt.
 [39 <./pdfs/EAGLE_2016_submission_3n.pdf>]
<pdfs/EAGLE_2016_submission_3n.pdf, id=301, page=7, 455.24379pt x 597.50829pt>
File: pdfs/EAGLE_2016_submission_3n.pdf Graphic file (type pdf)

<use pdfs/EAGLE_2016_submission_3n.pdf, page 7>
Package pdftex.def Info: pdfs/EAGLE_2016_submission_3n.pdf, page7 used on input
 line 160.
(pdftex.def)             Requested size: 455.24268pt x 597.50682pt.
File: pdfs/EAGLE_2016_submission_3n.pdf Graphic file (type pdf)

<use pdfs/EAGLE_2016_submission_3n.pdf, page 7>
Package pdftex.def Info: pdfs/EAGLE_2016_submission_3n.pdf, page7 used on input
 line 160.
(pdftex.def)             Requested size: 455.24268pt x 597.50682pt.
File: pdfs/EAGLE_2016_submission_3n.pdf Graphic file (type pdf)

<use pdfs/EAGLE_2016_submission_3n.pdf, page 6>
Package pdftex.def Info: pdfs/EAGLE_2016_submission_3n.pdf, page6 used on input
 line 160.
(pdftex.def)             Requested size: 455.24268pt x 597.50682pt.
 [40 <./pdfs/EAGLE_2016_submission_3n.pdf>]
<pdfs/EAGLE_2016_submission_3n.pdf, id=305, page=8, 455.24379pt x 597.50829pt>
File: pdfs/EAGLE_2016_submission_3n.pdf Graphic file (type pdf)

<use pdfs/EAGLE_2016_submission_3n.pdf, page 8>
Package pdftex.def Info: pdfs/EAGLE_2016_submission_3n.pdf, page8 used on input
 line 160.
(pdftex.def)             Requested size: 455.24268pt x 597.50682pt.
File: pdfs/EAGLE_2016_submission_3n.pdf Graphic file (type pdf)

<use pdfs/EAGLE_2016_submission_3n.pdf, page 8>
Package pdftex.def Info: pdfs/EAGLE_2016_submission_3n.pdf, page8 used on input
 line 160.
(pdftex.def)             Requested size: 455.24268pt x 597.50682pt.
File: pdfs/EAGLE_2016_submission_3n.pdf Graphic file (type pdf)

<use pdfs/EAGLE_2016_submission_3n.pdf, page 7>
Package pdftex.def Info: pdfs/EAGLE_2016_submission_3n.pdf, page7 used on input
 line 160.
(pdftex.def)             Requested size: 455.24268pt x 597.50682pt.
 [41 <./pdfs/EAGLE_2016_submission_3n.pdf>]
<pdfs/EAGLE_2016_submission_3n.pdf, id=310, page=9, 455.24379pt x 597.50829pt>
File: pdfs/EAGLE_2016_submission_3n.pdf Graphic file (type pdf)

<use pdfs/EAGLE_2016_submission_3n.pdf, page 9>
Package pdftex.def Info: pdfs/EAGLE_2016_submission_3n.pdf, page9 used on input
 line 160.
(pdftex.def)             Requested size: 455.24268pt x 597.50682pt.
File: pdfs/EAGLE_2016_submission_3n.pdf Graphic file (type pdf)

<use pdfs/EAGLE_2016_submission_3n.pdf, page 9>
Package pdftex.def Info: pdfs/EAGLE_2016_submission_3n.pdf, page9 used on input
 line 160.
(pdftex.def)             Requested size: 455.24268pt x 597.50682pt.
File: pdfs/EAGLE_2016_submission_3n.pdf Graphic file (type pdf)

<use pdfs/EAGLE_2016_submission_3n.pdf, page 8>
Package pdftex.def Info: pdfs/EAGLE_2016_submission_3n.pdf, page8 used on input
 line 160.
(pdftex.def)             Requested size: 455.24268pt x 597.50682pt.
 [42 <./pdfs/EAGLE_2016_submission_3n.pdf>]
<pdfs/EAGLE_2016_submission_3n.pdf, id=314, page=10, 455.24379pt x 597.50829pt>
File: pdfs/EAGLE_2016_submission_3n.pdf Graphic file (type pdf)
<use pdfs/EAGLE_2016_submission_3n.pdf, page 10>
Package pdftex.def Info: pdfs/EAGLE_2016_submission_3n.pdf, page10 used on inpu
t line 160.
(pdftex.def)             Requested size: 455.24268pt x 597.50682pt.
File: pdfs/EAGLE_2016_submission_3n.pdf Graphic file (type pdf)

<use pdfs/EAGLE_2016_submission_3n.pdf, page 10>
Package pdftex.def Info: pdfs/EAGLE_2016_submission_3n.pdf, page10 used on inpu
t line 160.
(pdftex.def)             Requested size: 455.24268pt x 597.50682pt.
File: pdfs/EAGLE_2016_submission_3n.pdf Graphic file (type pdf)

<use pdfs/EAGLE_2016_submission_3n.pdf, page 9>
Package pdftex.def Info: pdfs/EAGLE_2016_submission_3n.pdf, page9 used on input
 line 160.
(pdftex.def)             Requested size: 455.24268pt x 597.50682pt.
 [43 <./pdfs/EAGLE_2016_submission_3n.pdf>]
File: pdfs/EAGLE_2016_submission_3n.pdf Graphic file (type pdf)
 <use pdfs/EAGLE_2016_submission_3n.pdf, page 10>
Package pdftex.def Info: pdfs/EAGLE_2016_submission_3n.pdf, page10 used on inpu
t line 160.
(pdftex.def)             Requested size: 455.24268pt x 597.50682pt.
 [44 <./pdfs/EAGLE_2016_submission_3n.pdf>] [45

] [46]
runsystem(makeindex main.idx)...executed safely (allowed).

 (./main.ind [47


]) [48] (./main.aux
(./committee.aux)) ) 
Here is how much of TeX's memory you used:
 14940 strings out of 493089
 263819 string characters out of 6134841
 445491 words of memory out of 5000000
 18152 multiletter control sequences out of 15000+600000
 75617 words of font info for 102 fonts, out of 8000000 for 9000
 1141 hyphenation exceptions out of 8191
 53i,18n,52p,10464b,522s stack positions out of 5000i,500n,10000p,200000b,80000s
{/usr/local/texlive/2015/texmf-dist/fonts/enc/dvips/base/8r
.enc}{/usr/local/texlive/2015/texmf-dist/fonts/enc/dvips/lm/lm-ec.enc}{/usr/loc
al/texlive/2015/texmf-dist/fonts/enc/dvips/tex-gyre/q-ec-sc.enc}{/usr/local/tex
live/2015/texmf-dist/fonts/enc/dvips/tex-gyre/q-ec.enc}{/usr/local/texlive/2015
/texmf-dist/fonts/enc/dvips/tex-gyre/q-ts1.enc}</usr/local/texlive/2015/texmf-d
ist/fonts/type1/public/amsfonts/cm/cmsy10.pfb></usr/local/texlive/2015/texmf-di
st/fonts/type1/public/lm/lmtt10.pfb></usr/local/texlive/2015/texmf-dist/fonts/t
ype1/public/lm/lmtt8.pfb></usr/local/texlive/2015/texmf-dist/fonts/type1/public
/tex-gyre/qplb.pfb></usr/local/texlive/2015/texmf-dist/fonts/type1/public/tex-g
yre/qplr.pfb></usr/local/texlive/2015/texmf-dist/fonts/type1/public/tex-gyre/qp
lri.pfb></usr/local/texlive/2015/texmf-dist/fonts/type1/urw/palatino/uplr8a.pfb
></usr/local/texlive/2015/texmf-dist/fonts/type1/urw/palatino/uplri8a.pfb>
Output written on main.pdf (56 pages, 1104983 bytes).
PDF statistics:
 364 PDF objects out of 1000 (max. 8388607)
 241 compressed objects within 3 object streams
 0 named destinations out of 1000 (max. 500000)
 26850 words of extra memory for PDF output out of 29859 (max. 10000000)

